SF:lib/services/configured_realtime_database.dart
DA:8,0
DA:12,1
DA:15,1
DA:22,1
DA:26,1
DA:32,1
DA:33,1
DA:35,1
DA:36,1
DA:37,2
DA:43,1
DA:48,1
DA:49,1
DA:50,1
DA:54,1
DA:55,1
LF:16
LH:15
end_of_record
SF:lib/services/startup_app_check.dart
DA:8,0
DA:10,2
DA:11,4
DA:12,2
DA:13,1
DA:14,1
DA:15,1
DA:16,1
DA:19,1
DA:20,2
DA:21,1
DA:22,1
DA:23,1
DA:24,1
DA:27,2
DA:28,4
DA:29,2
DA:30,1
DA:31,1
DA:34,1
DA:39,2
DA:41,2
DA:42,1
DA:45,1
DA:46,1
DA:47,2
DA:51,0
DA:52,0
DA:55,1
DA:56,1
DA:61,1
DA:66,1
DA:67,1
DA:68,3
DA:73,0
LF:35
LH:31
end_of_record
SF:lib/services/startup_profiling.dart
DA:13,0
DA:14,0
DA:16,0
DA:23,0
DA:24,0
DA:25,0
DA:28,0
DA:35,0
DA:36,0
DA:40,0
DA:41,0
DA:42,0
DA:43,0
DA:47,0
DA:49,0
DA:52,0
DA:53,0
DA:54,0
DA:57,0
DA:63,0
DA:65,0
DA:67,0
DA:69,0
DA:73,0
DA:79,0
DA:81,0
DA:83,0
DA:85,0
DA:89,2
DA:96,0
DA:97,0
DA:98,0
DA:99,0
DA:101,0
DA:103,0
DA:104,0
DA:105,0
DA:109,2
DA:114,0
DA:115,0
DA:117,0
LF:41
LH:2
end_of_record
SF:lib/view_models/config_viewmodel.dart
DA:21,2
DA:24,2
DA:27,2
DA:30,2
DA:33,2
DA:36,2
DA:38,1
DA:39,1
DA:44,3
DA:45,2
DA:46,2
DA:47,1
DA:48,1
DA:54,2
DA:58,3
DA:59,1
DA:60,2
DA:62,1
DA:67,0
DA:72,1
DA:75,1
DA:76,1
DA:77,1
DA:78,1
DA:81,1
DA:82,1
DA:83,1
DA:84,1
DA:85,1
DA:86,1
DA:87,1
DA:90,2
DA:91,1
DA:92,2
DA:95,1
DA:96,5
DA:97,2
DA:101,1
DA:104,0
DA:105,1
DA:106,1
DA:110,1
DA:111,4
DA:112,1
DA:113,2
DA:114,2
DA:115,2
DA:116,1
DA:119,1
DA:121,1
DA:122,2
DA:123,1
DA:128,2
DA:129,2
DA:131,0
DA:136,3
DA:137,2
DA:138,1
DA:139,2
DA:141,1
DA:142,1
DA:144,1
DA:145,1
DA:147,1
DA:150,1
DA:152,1
DA:153,1
DA:154,2
DA:157,2
DA:158,2
DA:159,0
DA:162,0
DA:163,0
DA:164,0
DA:167,1
DA:170,1
DA:173,0
DA:174,0
DA:175,0
DA:182,1
DA:183,2
DA:187,2
DA:188,1
DA:189,0
DA:190,0
DA:194,2
DA:195,1
DA:196,2
DA:197,2
DA:198,2
DA:200,2
DA:201,1
DA:202,1
DA:203,2
DA:204,1
DA:210,1
DA:212,2
DA:213,1
DA:215,0
DA:216,0
DA:217,0
DA:218,0
DA:223,1
DA:224,2
DA:228,2
DA:229,1
DA:230,1
DA:233,1
DA:234,2
DA:235,1
DA:237,2
DA:238,1
DA:240,2
DA:241,1
DA:243,2
DA:244,1
DA:246,2
DA:247,1
DA:249,2
DA:250,1
DA:252,1
DA:253,1
DA:254,1
DA:259,1
DA:260,1
DA:261,2
DA:262,1
DA:264,2
DA:267,1
DA:268,1
DA:271,1
DA:272,3
DA:278,1
DA:279,1
DA:282,1
DA:283,0
DA:285,1
DA:286,0
DA:287,0
DA:288,0
DA:290,0
DA:291,0
DA:298,0
DA:299,0
DA:302,0
DA:303,0
DA:306,0
DA:307,0
DA:310,1
DA:312,2
DA:313,2
DA:314,1
LF:152
LH:124
end_of_record
SF:lib/models/league.dart
DA:7,2
DA:9,2
DA:11,0
LF:3
LH:2
end_of_record
SF:lib/repositories/daucomps_repository.dart
DA:12,9
DA:14,0
DA:16,0
DA:18,0
DA:21,0
DA:23,0
DA:26,0
DA:28,0
LF:8
LH:1
end_of_record
SF:lib/services/analytics_service.dart
DA:9,9
DA:11,0
DA:13,0
DA:14,0
LF:4
LH:1
end_of_record
SF:lib/services/combined_rounds_persistence.dart
DA:7,4
DA:9,1
DA:15,1
DA:16,3
DA:17,3
DA:18,5
DA:19,3
DA:20,5
DA:24,4
DA:25,5
DA:26,3
LF:11
LH:11
end_of_record
SF:lib/services/crashlytics_error_classifier.dart
DA:11,0
DA:13,2
DA:14,2
DA:15,8
DA:18,2
DA:19,1
DA:20,0
DA:21,0
DA:22,0
DA:25,1
DA:26,1
LF:11
LH:7
end_of_record
SF:lib/services/daucomps_rounds_parser.dart
DA:6,5
DA:8,2
DA:9,2
DA:10,2
DA:11,2
DA:12,6
DA:13,2
DA:14,2
DA:15,4
DA:16,2
DA:24,2
DA:25,3
DA:26,2
DA:27,4
DA:28,3
DA:29,0
DA:30,1
DA:35,2
DA:36,2
DA:38,10
LF:20
LH:19
end_of_record
SF:lib/services/daucomps_snapshot_applier.dart
DA:12,5
DA:18,4
DA:21,1
DA:26,1
DA:30,1
DA:31,7
DA:36,2
DA:37,1
DA:38,1
DA:39,1
DA:42,2
DA:43,2
DA:44,2
DA:46,1
DA:47,1
DA:48,1
DA:50,1
DA:51,1
DA:55,1
DA:56,1
DA:58,1
DA:63,5
DA:64,2
DA:65,1
DA:68,3
DA:71,1
DA:72,9
DA:75,1
DA:77,3
DA:78,0
DA:81,3
DA:82,0
DA:85,3
DA:86,0
DA:90,2
DA:94,1
DA:96,4
DA:97,4
DA:99,2
DA:100,1
DA:101,1
DA:102,2
DA:106,2
DA:111,6
DA:112,1
DA:113,0
DA:118,6
DA:123,1
DA:125,3
DA:126,0
DA:129,3
DA:130,0
DA:133,3
DA:134,0
DA:137,3
DA:138,0
LF:56
LH:48
end_of_record
SF:lib/services/firebase_messaging_service.dart
DA:18,0
DA:20,0
DA:24,0
DA:28,0
DA:29,0
DA:30,0
DA:33,0
DA:35,0
DA:36,0
DA:39,0
DA:41,0
DA:42,0
DA:46,0
DA:47,0
DA:48,0
DA:49,0
DA:53,0
DA:54,0
DA:59,0
DA:61,0
DA:66,0
DA:68,0
DA:69,0
DA:70,0
DA:72,0
DA:75,0
DA:78,0
DA:79,0
DA:80,0
DA:81,0
DA:83,0
DA:86,0
DA:93,0
DA:95,0
DA:99,0
DA:100,0
DA:101,0
DA:102,0
DA:103,0
DA:104,0
DA:105,0
DA:106,0
DA:107,0
DA:108,0
DA:109,0
DA:110,0
DA:111,0
DA:112,0
DA:113,0
DA:114,0
DA:115,0
DA:119,0
DA:120,0
DA:123,0
DA:127,0
DA:129,0
DA:131,0
DA:133,0
DA:136,0
DA:140,0
DA:143,0
DA:144,0
DA:147,0
DA:150,0
DA:154,0
DA:155,0
DA:161,0
DA:162,0
DA:168,0
DA:169,0
LF:70
LH:0
end_of_record
SF:lib/view_models/tippers_viewmodel.dart
DA:23,1
DA:25,1
DA:26,1
DA:33,3
DA:37,2
DA:40,8
DA:42,2
DA:46,2
DA:47,2
DA:50,2
DA:52,1
DA:53,1
DA:57,2
DA:62,6
DA:64,6
DA:67,0
DA:72,0
DA:75,0
DA:78,3
DA:85,4
DA:87,0
DA:92,0
DA:93,0
DA:94,0
DA:98,0
DA:99,0
DA:102,0
DA:103,0
DA:104,0
DA:105,0
DA:106,0
DA:107,0
DA:108,0
DA:110,0
DA:111,0
DA:113,0
DA:118,0
DA:120,0
DA:121,0
DA:122,0
DA:125,0
DA:126,0
DA:127,0
DA:128,0
DA:131,0
DA:136,0
DA:139,0
DA:143,0
DA:144,0
DA:146,0
DA:147,0
DA:149,0
DA:150,0
DA:151,0
DA:155,0
DA:158,2
DA:159,4
DA:160,2
DA:161,0
DA:162,0
DA:163,0
DA:164,0
DA:165,0
DA:168,2
DA:174,2
DA:175,2
DA:176,2
DA:179,2
DA:180,3
DA:185,5
DA:186,1
DA:188,1
DA:194,1
DA:195,2
DA:196,0
DA:199,0
DA:200,0
DA:203,1
DA:206,0
DA:210,2
DA:211,0
DA:215,1
DA:219,1
DA:220,2
DA:221,4
DA:223,0
DA:226,1
DA:227,1
DA:229,1
DA:230,3
DA:231,1
DA:233,3
DA:234,1
DA:236,1
DA:238,2
DA:241,0
DA:246,0
DA:247,0
DA:250,0
DA:251,0
DA:255,0
DA:258,0
DA:265,0
DA:267,0
DA:268,0
DA:269,0
DA:270,0
DA:273,0
DA:275,0
DA:276,0
DA:281,0
DA:283,0
DA:284,0
DA:287,0
DA:288,0
DA:292,0
DA:294,0
DA:295,0
DA:299,0
DA:300,0
DA:301,0
DA:302,0
DA:304,0
DA:305,0
DA:308,0
DA:311,0
DA:312,0
DA:313,0
DA:314,0
DA:316,0
DA:317,0
DA:319,0
DA:322,0
DA:323,0
DA:324,0
DA:325,0
DA:327,0
DA:328,0
DA:330,0
DA:334,1
DA:335,2
DA:336,0
DA:337,0
DA:339,0
DA:340,0
DA:342,5
DA:345,0
DA:346,0
DA:348,0
DA:349,0
DA:351,0
DA:352,0
DA:353,0
DA:359,0
DA:364,0
DA:368,0
DA:371,0
DA:372,0
DA:376,0
DA:377,0
DA:382,1
DA:385,2
DA:389,2
DA:390,0
DA:393,0
DA:395,0
DA:401,1
DA:402,4
DA:403,2
DA:406,2
DA:409,1
DA:411,0
DA:418,1
DA:419,2
DA:421,4
DA:423,4
DA:424,4
DA:427,1
DA:431,1
DA:436,2
DA:438,4
DA:439,2
DA:440,2
DA:441,4
DA:442,4
DA:444,2
DA:447,0
DA:448,0
DA:458,0
DA:459,0
DA:460,0
DA:461,0
DA:464,0
DA:465,0
DA:467,0
DA:470,0
DA:471,0
DA:475,0
DA:477,0
DA:478,0
DA:479,0
DA:480,0
DA:485,0
DA:490,0
DA:491,0
DA:496,0
DA:499,0
DA:507,0
DA:508,0
DA:509,0
DA:510,0
DA:511,0
DA:518,0
DA:523,0
DA:524,0
DA:525,0
DA:530,0
DA:532,0
DA:533,0
DA:536,0
DA:537,0
DA:541,0
DA:542,0
DA:545,0
DA:546,0
DA:548,0
DA:550,0
DA:558,0
DA:562,0
DA:563,0
DA:566,0
DA:567,0
DA:569,0
DA:571,0
DA:573,0
DA:574,0
DA:576,0
DA:579,0
DA:583,0
DA:584,0
DA:589,0
DA:590,0
DA:591,0
DA:593,0
DA:597,0
DA:598,0
DA:599,0
DA:600,0
DA:602,0
DA:606,0
DA:607,0
DA:608,0
DA:609,0
DA:611,0
DA:615,0
DA:618,0
DA:622,0
DA:623,0
DA:629,0
DA:630,0
DA:635,0
DA:636,0
DA:637,0
DA:639,0
DA:643,0
DA:644,0
DA:645,0
DA:650,0
DA:653,0
DA:654,0
DA:657,0
DA:658,0
DA:659,0
DA:661,0
DA:662,0
DA:663,0
DA:664,0
DA:669,0
DA:670,0
DA:674,0
DA:675,0
DA:678,0
DA:679,0
DA:684,0
DA:689,0
DA:690,0
DA:691,0
DA:693,0
DA:704,0
DA:711,0
DA:712,0
DA:715,0
DA:716,0
DA:720,0
DA:724,0
DA:726,0
DA:732,0
DA:737,0
DA:738,0
DA:745,0
DA:746,0
DA:748,0
DA:750,0
DA:751,0
DA:752,0
DA:757,0
DA:758,0
DA:761,0
DA:762,0
DA:764,0
DA:766,0
DA:767,0
DA:768,0
DA:771,0
DA:776,0
DA:783,0
DA:785,0
DA:788,0
DA:789,0
DA:795,0
DA:797,0
DA:799,0
DA:803,0
DA:806,0
DA:808,0
DA:809,0
DA:810,0
DA:811,0
DA:816,0
DA:817,0
DA:818,0
DA:820,0
DA:826,1
DA:829,2
DA:830,0
DA:833,0
DA:834,0
DA:840,2
DA:841,1
DA:843,1
DA:844,8
DA:849,0
DA:851,0
DA:854,0
DA:856,0
DA:858,0
DA:861,0
DA:862,0
DA:863,0
DA:864,0
DA:868,0
DA:871,0
DA:872,0
DA:877,0
DA:883,0
DA:885,0
DA:889,0
DA:893,0
DA:896,0
DA:897,0
DA:898,0
DA:899,0
DA:900,0
DA:901,0
DA:903,0
DA:910,0
DA:912,0
DA:916,0
DA:920,0
DA:923,0
DA:924,0
DA:929,0
DA:934,0
DA:939,0
DA:940,0
DA:941,0
DA:942,0
DA:943,0
DA:944,0
DA:945,0
DA:948,0
DA:949,0
DA:950,0
DA:951,0
DA:952,0
DA:953,0
DA:959,0
DA:961,0
DA:962,0
DA:965,0
DA:966,0
DA:967,0
DA:970,0
DA:971,0
DA:974,0
DA:977,0
DA:981,0
DA:982,0
DA:986,0
DA:990,0
DA:991,0
DA:993,0
DA:996,0
DA:997,0
DA:999,0
DA:1001,0
LF:406
LH:77
end_of_record
SF:lib/services/fixture_download_service.dart
DA:11,0
DA:12,0
DA:13,0
DA:15,0
DA:16,0
DA:17,0
DA:19,0
DA:20,0
DA:28,10
DA:31,1
DA:35,1
DA:40,1
DA:41,1
DA:42,1
DA:47,1
DA:49,0
DA:50,0
DA:53,1
DA:54,1
DA:57,1
DA:58,2
DA:61,1
DA:62,1
DA:63,1
DA:67,1
DA:70,1
DA:71,1
DA:75,4
DA:77,1
DA:80,1
DA:82,4
DA:84,1
DA:88,1
DA:89,1
DA:92,1
DA:98,0
DA:101,0
DA:102,0
DA:106,0
DA:107,0
DA:111,0
DA:114,0
DA:116,0
DA:117,0
DA:121,0
DA:125,0
DA:126,0
DA:129,0
LF:48
LH:25
end_of_record
SF:lib/services/fixture_update_coordinator.dart
DA:8,5
DA:14,0
DA:16,1
DA:21,2
DA:28,1
DA:42,2
DA:45,2
DA:47,2
DA:53,1
DA:56,1
DA:58,2
DA:59,1
DA:64,1
DA:65,1
LF:14
LH:13
end_of_record
SF:lib/services/fixture_update_policy.dart
DA:5,4
DA:7,2
DA:15,2
DA:21,2
DA:23,8
LF:5
LH:5
end_of_record
SF:lib/services/fixture_update_service.dart
DA:14,9
DA:16,0
DA:24,0
DA:29,0
DA:31,0
DA:32,0
DA:33,0
DA:36,0
DA:37,0
DA:38,0
DA:40,0
DA:41,0
LF:12
LH:1
end_of_record
SF:lib/services/lock_manager.dart
DA:4,5
DA:6,1
DA:7,1
DA:9,1
DA:11,2
LF:5
LH:5
end_of_record
SF:lib/services/messaging_service.dart
DA:11,0
DA:13,0
DA:14,0
DA:19,0
LF:4
LH:0
end_of_record
SF:lib/services/package_info_service.dart
DA:6,0
DA:7,0
DA:8,0
LF:3
LH:0
end_of_record
SF:lib/services/scoring_update_queue.dart
DA:21,0
DA:27,0
DA:31,0
DA:32,0
DA:33,0
DA:34,0
DA:35,0
DA:39,0
DA:40,0
DA:41,0
DA:42,0
DA:43,0
DA:44,0
DA:45,0
DA:48,0
DA:51,0
DA:52,0
DA:54,0
DA:55,0
DA:60,6
DA:61,4
DA:62,2
DA:70,2
DA:76,2
DA:77,4
DA:84,0
DA:86,0
DA:89,0
DA:90,0
DA:94,0
DA:95,0
DA:99,0
DA:100,0
DA:103,0
DA:104,0
DA:105,0
DA:106,0
DA:109,0
DA:110,0
DA:114,0
DA:116,0
DA:119,0
DA:120,0
DA:123,0
DA:124,0
DA:127,0
DA:128,0
DA:130,0
DA:131,0
DA:132,0
DA:136,0
DA:137,0
DA:138,0
DA:140,0
DA:141,0
DA:146,0
DA:147,0
DA:149,0
DA:150,0
DA:151,0
DA:152,0
DA:153,0
DA:156,0
DA:157,0
DA:158,0
DA:161,0
DA:162,0
DA:165,0
DA:166,0
DA:168,0
DA:169,0
DA:174,0
DA:177,0
DA:178,0
DA:183,2
DA:184,2
DA:185,1
DA:186,1
DA:187,1
DA:188,0
DA:189,0
DA:190,0
DA:191,0
DA:194,1
DA:198,2
DA:199,8
DA:202,2
DA:203,0
DA:204,0
DA:208,4
DA:209,4
DA:210,2
DA:211,2
LF:93
LH:19
end_of_record
SF:lib/view_models/stats_viewmodel.dart
DA:44,1
DA:45,1
DA:51,3
DA:54,2
DA:55,4
DA:67,8
DA:68,8
DA:69,8
DA:72,0
DA:74,0
DA:76,0
DA:79,0
DA:80,0
DA:83,0
DA:84,0
DA:87,0
DA:90,2
DA:97,0
DA:103,8
DA:108,0
DA:109,32
DA:110,16
DA:112,16
DA:113,8
DA:116,0
DA:120,0
DA:122,0
DA:127,0
DA:129,0
DA:132,0
DA:133,0
DA:134,0
DA:135,0
DA:137,0
DA:138,0
DA:139,0
DA:140,0
DA:141,0
DA:144,0
DA:146,0
DA:147,0
DA:148,0
DA:150,0
DA:151,0
DA:152,0
DA:153,0
DA:154,0
DA:157,0
DA:159,0
DA:162,0
DA:163,0
DA:167,0
DA:168,0
DA:169,0
DA:171,0
DA:172,0
DA:173,0
DA:174,0
DA:175,0
DA:176,0
DA:177,0
DA:178,0
DA:179,0
DA:180,0
DA:181,0
DA:184,0
DA:187,5
DA:189,10
DA:190,12
DA:192,8
DA:193,4
DA:194,4
DA:195,4
DA:198,4
DA:199,8
DA:200,4
DA:201,24
DA:202,4
DA:203,4
DA:204,4
DA:206,4
DA:209,4
DA:211,0
DA:212,0
DA:220,4
DA:222,8
DA:225,4
DA:226,12
DA:229,1
DA:230,4
DA:234,10
DA:235,10
DA:239,5
DA:241,0
DA:242,0
DA:243,0
DA:244,0
DA:250,4
DA:251,4
DA:252,4
DA:253,12
DA:254,4
DA:255,4
DA:256,4
DA:257,4
DA:258,8
DA:265,1
DA:266,1
DA:267,2
DA:268,1
DA:269,1
DA:271,2
DA:272,1
DA:273,1
DA:276,1
DA:277,1
DA:278,2
DA:284,0
DA:287,5
DA:289,5
DA:294,5
DA:295,5
DA:296,0
DA:302,10
DA:305,15
DA:307,5
DA:311,20
DA:312,10
DA:314,5
DA:315,30
DA:319,5
DA:322,5
DA:324,0
DA:327,10
DA:328,5
DA:332,5
DA:334,5
DA:335,5
DA:336,5
DA:339,5
DA:341,10
DA:343,5
DA:346,5
DA:347,5
DA:348,5
DA:349,5
DA:353,2
DA:358,1
DA:360,2
DA:361,2
DA:362,1
DA:363,1
DA:365,2
DA:366,1
DA:367,2
DA:369,0
DA:370,0
DA:375,1
DA:376,1
DA:377,1
DA:378,1
DA:383,2
DA:384,2
DA:385,2
DA:387,1
DA:388,1
DA:389,0
DA:390,0
DA:393,3
DA:396,1
DA:398,1
DA:399,2
DA:403,1
DA:404,1
DA:405,1
DA:407,1
DA:411,0
DA:412,0
DA:413,0
DA:417,0
DA:418,0
DA:422,2
DA:423,2
DA:428,2
DA:430,4
DA:434,4
DA:435,2
DA:440,4
DA:441,2
DA:442,4
DA:444,0
DA:445,0
DA:450,2
DA:451,4
DA:453,2
DA:457,6
DA:458,6
DA:459,2
DA:465,2
DA:468,0
DA:469,0
DA:475,2
DA:477,2
DA:493,1
DA:499,1
DA:500,1
DA:501,1
DA:507,1
DA:508,1
DA:509,1
DA:511,1
DA:515,1
DA:516,1
DA:521,3
DA:527,3
DA:528,0
DA:529,0
DA:535,0
DA:538,3
DA:539,6
DA:541,3
DA:542,3
DA:543,6
DA:545,6
DA:547,6
DA:550,3
DA:551,6
DA:553,0
DA:555,0
DA:556,0
DA:558,0
DA:562,3
DA:563,3
DA:565,3
DA:573,9
DA:577,4
DA:580,0
DA:581,0
DA:588,0
DA:589,0
DA:590,0
DA:591,0
DA:598,1
DA:599,8
DA:601,3
DA:602,6
DA:607,2
DA:608,2
DA:609,0
DA:611,0
DA:614,2
DA:615,2
DA:616,4
DA:617,4
DA:621,1
DA:626,2
DA:627,4
DA:629,2
DA:630,1
DA:631,2
DA:636,3
DA:638,1
DA:640,1
DA:641,0
DA:645,2
DA:648,3
DA:652,3
DA:654,3
DA:657,3
DA:659,2
DA:660,2
DA:661,1
DA:669,1
DA:671,1
DA:676,6
DA:677,3
DA:678,6
DA:682,2
DA:685,2
DA:688,1
DA:691,1
DA:696,3
DA:697,3
DA:703,1
DA:707,9
DA:708,6
DA:710,3
DA:711,3
DA:721,3
DA:723,0
DA:725,0
DA:730,0
DA:732,0
DA:734,3
DA:740,3
DA:741,3
DA:742,3
DA:743,3
DA:744,9
DA:746,3
DA:748,3
DA:751,3
DA:752,3
DA:756,6
DA:757,6
DA:761,2
DA:762,1
DA:763,1
DA:764,4
DA:765,1
DA:766,1
DA:767,4
DA:768,1
DA:772,3
DA:773,3
DA:774,3
DA:775,3
DA:778,3
DA:781,6
DA:782,3
DA:784,6
DA:785,6
DA:786,3
DA:789,1
DA:790,1
DA:795,3
DA:799,4
DA:800,1
DA:802,1
DA:806,4
DA:807,4
DA:812,4
DA:813,8
DA:814,8
DA:815,4
DA:816,2
DA:819,3
DA:827,3
DA:829,0
DA:830,0
DA:831,0
DA:832,0
DA:837,3
DA:838,3
DA:844,3
DA:855,6
DA:856,9
DA:860,6
DA:862,0
DA:863,0
DA:864,0
DA:866,0
DA:869,12
DA:870,3
DA:871,3
DA:872,6
DA:873,3
DA:874,3
DA:875,6
DA:878,9
DA:879,6
DA:882,3
DA:883,3
DA:884,2
DA:886,9
DA:887,3
DA:888,1
DA:889,1
DA:890,3
DA:891,3
DA:892,3
DA:893,3
DA:895,3
DA:896,2
DA:897,1
DA:898,2
DA:899,2
DA:900,1
DA:902,2
DA:905,3
DA:909,2
DA:913,2
DA:914,6
DA:916,8
DA:917,4
DA:919,2
DA:920,2
DA:921,2
DA:924,2
DA:925,2
DA:926,6
DA:927,6
DA:928,2
DA:929,2
DA:930,2
DA:931,2
DA:932,2
DA:933,4
DA:934,0
DA:935,2
DA:936,6
DA:937,2
DA:938,2
DA:939,2
DA:941,4
DA:945,2
DA:946,4
DA:947,2
DA:948,4
DA:949,4
DA:950,2
DA:951,2
DA:952,2
DA:953,2
DA:954,2
DA:955,6
DA:956,6
DA:958,4
DA:961,2
DA:967,2
DA:975,2
DA:976,4
DA:977,4
DA:981,4
DA:982,4
DA:983,4
DA:984,2
DA:985,2
DA:987,2
DA:988,1
DA:989,2
DA:990,1
DA:991,2
DA:992,1
DA:993,2
DA:994,1
DA:995,2
DA:996,1
DA:997,2
DA:998,1
DA:999,2
DA:1000,1
DA:1001,2
DA:1003,2
DA:1005,2
DA:1006,2
DA:1007,3
DA:1008,3
DA:1009,2
DA:1011,1
DA:1012,3
DA:1013,2
DA:1015,1
DA:1016,0
DA:1017,0
DA:1021,2
DA:1022,4
DA:1023,4
DA:1027,4
DA:1028,4
DA:1029,4
DA:1030,2
DA:1031,2
DA:1033,2
DA:1034,2
DA:1035,1
DA:1036,2
DA:1037,1
DA:1038,2
DA:1039,1
DA:1040,2
DA:1041,1
DA:1042,2
DA:1044,2
DA:1046,2
DA:1047,2
DA:1048,3
DA:1049,3
DA:1050,1
DA:1051,3
DA:1052,2
DA:1054,1
DA:1055,0
DA:1056,0
DA:1060,2
DA:1065,4
DA:1066,2
DA:1067,3
DA:1068,3
DA:1069,2
DA:1071,1
DA:1072,3
DA:1077,1
DA:1079,1
DA:1080,1
DA:1083,1
DA:1089,1
DA:1096,0
DA:1097,0
DA:1098,0
DA:1102,0
DA:1103,0
DA:1104,0
DA:1105,0
DA:1106,0
DA:1109,0
DA:1117,4
DA:1118,12
DA:1121,2
DA:1126,2
DA:1128,1
DA:1135,2
DA:1137,1
DA:1140,1
DA:1141,2
DA:1149,6
DA:1153,2
DA:1154,3
DA:1155,1
DA:1156,1
DA:1167,3
DA:1168,1
DA:1170,0
DA:1171,0
DA:1172,0
DA:1174,0
DA:1175,0
DA:1183,1
DA:1184,0
DA:1185,0
DA:1186,0
DA:1190,2
DA:1193,1
DA:1194,1
DA:1196,1
DA:1197,1
DA:1201,1
DA:1204,3
DA:1209,3
DA:1213,3
DA:1220,3
DA:1224,6
DA:1228,2
DA:1229,2
DA:1233,4
DA:1237,4
DA:1238,2
DA:1239,2
DA:1244,2
DA:1245,4
DA:1249,4
DA:1251,2
DA:1252,3
DA:1254,2
DA:1255,2
DA:1256,2
DA:1257,6
DA:1259,2
DA:1262,1
DA:1269,1
DA:1273,2
DA:1274,3
DA:1277,1
DA:1285,1
DA:1289,1
DA:1293,1
DA:1294,2
DA:1295,2
DA:1296,1
DA:1297,2
DA:1302,1
DA:1303,0
DA:1307,1
DA:1308,1
DA:1309,1
DA:1312,2
DA:1313,1
DA:1314,1
DA:1315,2
DA:1316,2
DA:1319,2
DA:1321,1
DA:1322,1
DA:1323,3
DA:1324,1
DA:1328,4
DA:1329,2
DA:1330,3
DA:1332,1
DA:1338,1
DA:1339,2
DA:1344,1
DA:1345,0
DA:1349,3
DA:1350,1
DA:1351,1
DA:1352,2
DA:1353,1
DA:1354,1
DA:1357,2
DA:1358,2
DA:1362,6
DA:1365,1
DA:1368,1
DA:1369,1
DA:1370,2
DA:1371,1
DA:1372,1
DA:1373,1
DA:1374,1
DA:1375,1
DA:1377,3
DA:1381,2
DA:1382,2
DA:1383,1
DA:1384,1
DA:1387,2
DA:1388,1
DA:1389,1
DA:1390,4
DA:1391,1
DA:1399,2
DA:1400,2
DA:1401,0
DA:1402,2
DA:1405,1
DA:1413,3
DA:1414,3
DA:1415,3
DA:1419,1
DA:1420,1
DA:1421,2
DA:1422,1
DA:1423,1
DA:1424,2
DA:1427,2
DA:1430,1
DA:1431,1
DA:1433,1
DA:1434,0
DA:1435,0
DA:1437,1
DA:1444,0
DA:1452,3
DA:1453,2
DA:1455,2
DA:1456,1
DA:1457,1
DA:1458,2
DA:1461,0
DA:1462,0
DA:1466,1
DA:1467,0
DA:1472,2
DA:1478,2
DA:1479,2
DA:1480,10
DA:1482,2
DA:1483,2
DA:1484,2
DA:1485,2
DA:1489,2
DA:1490,6
DA:1492,8
DA:1493,4
DA:1495,2
DA:1496,2
DA:1497,2
DA:1498,6
DA:1499,4
DA:1500,2
DA:1501,4
DA:1502,2
DA:1504,4
DA:1507,2
DA:1508,4
DA:1512,1
DA:1513,2
DA:1524,3
DA:1529,6
DA:1531,6
DA:1536,9
DA:1539,3
DA:1540,9
DA:1544,3
DA:1545,6
DA:1546,6
DA:1549,3
DA:1550,6
DA:1551,9
DA:1552,15
DA:1555,3
DA:1556,6
DA:1560,3
DA:1561,0
DA:1571,3
DA:1572,3
DA:1573,6
DA:1574,3
DA:1575,4
DA:1581,1
DA:1582,0
DA:1583,1
DA:1584,0
DA:1585,0
DA:1586,0
DA:1587,0
DA:1591,1
DA:1595,2
DA:1596,1
DA:1597,1
DA:1601,1
DA:1603,1
DA:1604,0
DA:1606,1
DA:1610,2
DA:1611,3
DA:1614,1
DA:1617,1
DA:1620,0
DA:1621,0
DA:1622,0
DA:1623,0
DA:1624,0
DA:1625,0
DA:1626,0
DA:1628,0
DA:1633,0
DA:1634,0
DA:1635,0
DA:1636,0
DA:1637,0
DA:1638,0
DA:1639,0
DA:1641,0
DA:1647,0
DA:1653,5
DA:1654,5
DA:1655,5
DA:1658,15
DA:1659,5
DA:1661,5
DA:1664,10
DA:1667,10
DA:1668,15
DA:1673,5
DA:1674,15
DA:1676,5
DA:1677,4
DA:1678,5
DA:1684,15
DA:1685,5
DA:1687,10
DA:1688,25
DA:1691,5
DA:1693,10
DA:1694,5
DA:1697,10
DA:1698,10
DA:1701,5
DA:1702,15
DA:1704,10
DA:1705,20
DA:1706,6
DA:1707,6
DA:1708,3
DA:1709,3
DA:1712,3
DA:1713,3
DA:1714,3
DA:1715,3
DA:1716,3
DA:1717,3
DA:1721,6
DA:1722,6
DA:1723,9
DA:1725,6
DA:1731,5
DA:1732,5
DA:1735,2
DA:1736,2
DA:1739,6
DA:1740,2
DA:1743,4
DA:1747,2
DA:1749,4
DA:1750,2
DA:1751,2
DA:1754,4
DA:1755,4
DA:1759,2
DA:1760,4
DA:1761,4
DA:1762,2
DA:1767,4
DA:1768,10
DA:1771,2
DA:1774,6
DA:1775,14
DA:1776,2
DA:1778,2
DA:1779,0
DA:1781,6
DA:1787,5
DA:1789,5
DA:1792,10
DA:1795,5
DA:1796,5
DA:1797,2
DA:1798,2
DA:1803,15
DA:1804,5
DA:1807,10
DA:1808,25
DA:1811,5
DA:1814,10
DA:1815,5
DA:1816,5
DA:1819,10
DA:1820,10
DA:1825,5
DA:1826,10
DA:1838,5
DA:1843,15
DA:1844,15
DA:1845,20
DA:1846,20
DA:1847,20
DA:1848,20
DA:1849,20
DA:1850,20
DA:1855,10
DA:1856,13
DA:1861,15
DA:1862,17
DA:1863,2
DA:1865,5
DA:1866,0
DA:1868,10
DA:1871,10
DA:1872,10
DA:1877,7
DA:1878,6
DA:1879,2
DA:1880,0
DA:1881,0
DA:1888,5
DA:1891,0
DA:1892,0
DA:1893,0
DA:1894,0
DA:1897,0
DA:1898,0
DA:1899,0
DA:1900,0
DA:1903,1
DA:1904,1
DA:1905,1
DA:1906,1
DA:1909,0
DA:1910,0
DA:1911,0
DA:1914,0
DA:1915,0
DA:1916,0
DA:1919,0
DA:1920,0
DA:1923,0
DA:1924,0
DA:1931,1
DA:1935,1
DA:1937,1
DA:1940,0
DA:1941,0
DA:1945,1
DA:1946,1
DA:1947,1
DA:1948,3
DA:1951,1
DA:1954,4
DA:1955,4
DA:1956,2
DA:1957,2
DA:1958,4
DA:1959,2
DA:1961,0
DA:1962,0
DA:1963,0
DA:1964,0
DA:1965,0
DA:1966,0
DA:1967,0
DA:1968,0
DA:1969,0
DA:1970,0
DA:1975,0
DA:1981,3
DA:1986,1
DA:1994,3
DA:1995,3
DA:1998,3
DA:2001,1
DA:2002,1
DA:2005,1
DA:2007,1
DA:2008,1
DA:2009,1
DA:2010,2
DA:2012,2
DA:2013,1
DA:2020,1
DA:2024,0
DA:2027,1
DA:2029,0
DA:2032,1
DA:2037,2
DA:2040,1
DA:2041,1
DA:2042,1
DA:2044,2
DA:2048,2
DA:2049,2
DA:2050,1
DA:2051,0
DA:2054,1
DA:2055,0
DA:2061,1
DA:2065,2
DA:2066,2
DA:2069,1
DA:2070,3
DA:2072,2
DA:2074,5
DA:2075,4
DA:2078,1
DA:2079,1
DA:2080,3
DA:2081,1
DA:2082,1
DA:2083,1
DA:2084,2
DA:2088,1
DA:2089,1
DA:2091,3
DA:2093,3
DA:2098,1
DA:2099,1
DA:2100,1
DA:2101,2
DA:2102,1
DA:2103,1
DA:2104,1
DA:2105,3
DA:2106,1
DA:2115,3
DA:2116,3
DA:2117,3
DA:2119,3
DA:2124,0
DA:2125,0
DA:2126,0
DA:2130,3
DA:2133,2
DA:2134,2
DA:2135,4
DA:2136,2
DA:2139,3
DA:2142,6
DA:2143,3
DA:2147,0
DA:2149,0
DA:2150,0
DA:2153,0
DA:2154,0
DA:2156,0
DA:2157,0
DA:2158,0
DA:2159,0
DA:2160,0
DA:2161,0
DA:2162,0
DA:2163,0
DA:2171,0
DA:2172,0
DA:2173,0
DA:2175,0
DA:2176,0
DA:2177,0
DA:2178,0
DA:2179,0
DA:2180,0
DA:2184,0
DA:2187,3
DA:2192,3
DA:2194,2
DA:2196,3
DA:2197,6
DA:2202,3
DA:2208,6
DA:2211,12
DA:2212,5
DA:2215,3
DA:2216,6
DA:2217,3
DA:2219,6
DA:2223,3
DA:2224,3
DA:2225,3
DA:2227,6
DA:2230,15
DA:2233,2
DA:2238,2
DA:2241,4
DA:2243,4
DA:2244,4
DA:2247,2
DA:2248,2
DA:2250,2
DA:2252,2
DA:2255,5
DA:2256,10
DA:2261,15
DA:2262,5
DA:2265,10
DA:2266,25
DA:2270,5
DA:2272,5
DA:2275,10
DA:2276,5
DA:2278,10
DA:2279,10
DA:2282,10
DA:2283,15
DA:2286,5
DA:2287,5
DA:2289,25
DA:2290,20
DA:2295,13
DA:2301,10
DA:2302,4
DA:2303,4
DA:2305,0
DA:2306,0
DA:2308,25
DA:2310,5
DA:2311,6
DA:2312,10
DA:2317,12
DA:2318,2
DA:2319,10
DA:2322,5
DA:2327,8
DA:2329,16
DA:2330,32
DA:2332,8
DA:2333,0
DA:2334,0
DA:2336,8
DA:2337,0
DA:2338,0
DA:2340,8
DA:2341,0
DA:2342,0
DA:2344,16
DA:2345,8
DA:2348,1
DA:2350,1
DA:2353,0
DA:2354,0
DA:2355,0
DA:2356,0
DA:2359,0
DA:2360,0
DA:2361,0
DA:2362,0
DA:2365,0
DA:2366,0
DA:2367,0
DA:2368,0
DA:2371,0
DA:2372,0
DA:2373,0
DA:2374,0
DA:2377,5
DA:2378,15
DA:2379,10
DA:2381,10
DA:2384,2
DA:2388,4
DA:2390,2
DA:2391,2
DA:2392,8
DA:2393,1
DA:2394,0
DA:2395,0
DA:2396,0
DA:2398,1
DA:2399,8
DA:2400,0
DA:2401,0
DA:2402,0
DA:2403,0
DA:2404,0
DA:2405,0
DA:2406,0
DA:2407,0
DA:2409,0
DA:2410,0
DA:2411,0
DA:2412,0
DA:2415,0
DA:2419,3
DA:2420,6
DA:2421,0
DA:2438,12
DA:2439,15
DA:2441,12
DA:2442,3
DA:2444,0
DA:2445,0
DA:2468,4
DA:2473,1
LF:1122
LH:857
end_of_record
SF:lib/services/selection_init_coordinator.dart
DA:11,2
DA:19,5
DA:21,1
DA:29,1
DA:32,1
DA:35,1
DA:38,1
DA:40,1
DA:47,1
DA:52,1
DA:53,1
DA:54,1
LF:12
LH:12
end_of_record
SF:lib/view_models/games_viewmodel.dart
DA:31,3
DA:36,0
DA:46,1
DA:54,0
DA:55,0
DA:57,1
DA:59,0
DA:60,0
DA:61,0
DA:63,1
DA:68,1
DA:70,2
DA:72,2
DA:74,1
DA:78,1
DA:79,2
DA:80,2
DA:81,1
DA:82,2
DA:83,2
DA:87,4
DA:89,1
DA:90,2
DA:91,1
DA:92,0
DA:94,3
DA:97,1
DA:99,2
DA:100,1
DA:101,2
DA:102,1
DA:103,1
DA:105,1
DA:106,1
DA:108,1
DA:110,2
DA:113,1
DA:114,1
DA:115,1
DA:119,3
DA:120,1
DA:121,2
DA:122,1
DA:125,2
DA:126,2
DA:128,2
DA:129,2
DA:133,0
DA:138,1
DA:139,1
DA:140,1
DA:143,1
DA:145,1
DA:149,1
DA:152,1
DA:154,2
DA:157,5
DA:158,1
DA:159,3
DA:160,1
DA:161,1
DA:162,5
DA:168,1
DA:169,1
DA:170,1
DA:171,5
DA:174,0
DA:177,2
DA:178,2
DA:179,1
DA:181,1
DA:182,2
DA:183,2
DA:189,4
DA:190,1
DA:192,0
DA:193,0
DA:194,0
DA:197,1
DA:198,1
DA:202,1
DA:203,1
DA:204,1
DA:208,0
DA:210,1
DA:219,1
DA:225,1
DA:227,1
DA:232,2
DA:233,1
DA:234,1
DA:236,4
DA:239,2
DA:243,1
DA:245,2
DA:246,1
DA:251,1
DA:252,1
DA:254,5
DA:256,1
DA:257,0
DA:261,3
DA:262,0
DA:263,0
DA:267,2
DA:268,2
DA:269,2
DA:270,2
DA:273,3
DA:278,0
DA:280,0
DA:285,1
DA:290,2
DA:291,3
DA:293,1
DA:296,1
DA:298,1
DA:299,1
DA:300,2
DA:301,1
DA:305,1
DA:306,1
DA:307,1
DA:310,2
DA:311,0
DA:314,1
DA:316,2
DA:317,3
DA:318,2
DA:320,1
DA:321,1
DA:322,1
DA:324,3
DA:325,1
DA:326,1
DA:329,5
DA:331,1
DA:332,1
DA:339,2
DA:340,1
DA:341,2
DA:343,2
DA:344,1
DA:351,2
DA:353,1
DA:354,1
DA:358,1
DA:359,1
DA:360,1
DA:363,0
DA:364,0
DA:365,0
DA:366,0
DA:369,1
DA:370,1
DA:371,5
DA:374,0
DA:375,0
DA:377,0
DA:378,0
DA:379,0
DA:382,0
DA:387,0
DA:389,0
DA:392,0
DA:393,0
DA:394,0
DA:395,0
DA:397,0
DA:398,0
DA:399,0
DA:400,0
DA:405,0
DA:406,0
DA:415,0
DA:416,0
DA:419,0
DA:420,0
DA:422,0
DA:423,0
DA:425,0
DA:427,0
DA:428,0
DA:433,0
DA:438,0
DA:439,0
DA:442,0
DA:443,0
DA:445,0
DA:446,0
DA:448,0
DA:449,0
DA:453,0
DA:457,0
DA:459,0
DA:462,0
DA:464,0
DA:465,0
DA:466,0
DA:468,0
DA:469,0
DA:470,0
DA:472,0
DA:475,0
DA:481,0
DA:482,0
DA:483,0
DA:484,0
DA:487,0
DA:488,0
DA:489,0
DA:493,0
DA:494,0
DA:496,0
DA:497,0
DA:498,0
DA:499,0
DA:504,0
DA:505,0
DA:514,0
DA:519,0
DA:523,0
DA:524,0
DA:526,0
DA:527,0
DA:529,0
DA:530,0
DA:532,0
DA:533,0
DA:537,0
DA:539,0
DA:540,0
DA:541,0
DA:543,0
DA:544,0
DA:545,0
DA:547,0
DA:550,0
DA:556,0
DA:557,0
DA:558,0
DA:559,0
DA:562,0
DA:563,0
DA:564,0
DA:568,0
DA:569,0
DA:571,0
DA:572,0
DA:573,0
DA:574,0
DA:579,0
DA:580,0
DA:582,0
DA:590,0
DA:595,0
DA:601,0
DA:602,0
DA:604,0
DA:605,0
DA:606,0
DA:608,0
DA:609,0
DA:610,0
DA:611,0
DA:613,0
DA:618,0
DA:619,0
DA:620,0
DA:623,0
DA:624,0
DA:628,0
DA:629,0
DA:630,0
DA:631,0
DA:633,0
DA:634,0
DA:637,0
DA:639,0
DA:640,0
DA:642,0
DA:643,0
DA:644,0
DA:645,0
DA:648,0
DA:649,0
DA:650,0
DA:651,0
DA:652,0
DA:654,0
DA:655,0
DA:657,0
DA:658,0
DA:662,0
DA:663,0
DA:668,0
DA:669,0
DA:670,0
DA:673,0
DA:675,0
DA:679,0
DA:682,0
DA:683,0
DA:685,0
DA:686,0
DA:689,0
DA:690,0
DA:694,0
DA:695,0
DA:698,0
DA:702,0
DA:707,0
DA:708,0
DA:711,0
DA:712,0
DA:714,0
DA:717,0
DA:719,0
DA:720,0
DA:723,0
DA:724,0
DA:725,0
DA:730,0
DA:731,0
DA:733,0
DA:734,0
DA:736,0
DA:742,0
DA:743,0
DA:744,0
DA:748,0
DA:749,0
DA:750,0
DA:755,0
DA:760,0
DA:762,0
DA:763,0
DA:769,0
DA:774,1
DA:776,2
DA:777,1
DA:778,0
DA:780,1
DA:784,0
DA:786,0
DA:787,0
DA:790,0
DA:792,0
DA:793,0
LF:349
LH:137
end_of_record
SF:lib/view_models/tips_viewmodel.dart
DA:23,1
DA:38,15
DA:40,0
DA:45,0
DA:46,0
DA:47,0
DA:48,0
DA:49,0
DA:51,0
DA:52,0
DA:56,0
DA:63,0
DA:68,3
DA:73,0
DA:74,3
DA:75,9
DA:77,0
DA:79,3
DA:84,2
DA:90,0
DA:91,8
DA:92,6
DA:94,0
DA:96,2
DA:100,0
DA:101,0
DA:104,0
DA:105,0
DA:106,0
DA:107,0
DA:108,0
DA:109,0
DA:110,0
DA:113,0
DA:114,0
DA:115,0
DA:116,0
DA:117,0
DA:122,5
DA:123,10
DA:124,10
DA:128,0
DA:129,0
DA:132,0
DA:134,0
DA:135,0
DA:136,0
DA:137,0
DA:139,0
DA:140,0
DA:142,0
DA:144,0
DA:145,0
DA:146,0
DA:147,0
DA:149,0
DA:150,0
DA:153,0
DA:154,0
DA:155,0
DA:158,0
DA:159,0
DA:161,0
DA:162,0
DA:163,0
DA:167,0
DA:168,0
DA:170,0
DA:172,0
DA:173,0
DA:174,0
DA:175,0
DA:177,0
DA:179,0
DA:180,0
DA:181,0
DA:186,0
DA:187,0
DA:190,0
DA:191,0
DA:192,0
DA:193,0
DA:194,0
DA:196,0
DA:197,0
DA:198,0
DA:202,0
DA:206,0
DA:207,0
DA:208,0
DA:209,0
DA:210,0
DA:213,0
DA:214,0
DA:215,0
DA:218,0
DA:220,0
DA:221,0
DA:224,0
DA:226,0
DA:227,0
DA:229,0
DA:230,0
DA:232,0
DA:233,0
DA:234,0
DA:238,0
DA:239,0
DA:244,0
DA:246,0
DA:249,0
DA:250,0
DA:251,0
DA:254,0
DA:257,0
DA:258,0
DA:259,0
DA:260,0
DA:261,0
DA:264,2
DA:265,4
DA:266,0
DA:267,2
DA:271,2
DA:280,4
DA:281,4
DA:285,1
DA:286,1
DA:288,1
DA:289,1
DA:290,1
DA:294,5
DA:295,5
DA:297,15
DA:300,4
DA:303,2
DA:308,5
DA:309,10
DA:310,15
DA:313,5
DA:314,5
DA:315,10
DA:316,10
DA:319,10
DA:320,30
DA:325,5
DA:326,45
DA:329,1
DA:330,2
DA:331,1
DA:332,1
DA:334,2
DA:335,2
DA:337,2
DA:338,0
DA:350,1
DA:351,6
DA:354,1
DA:359,1
DA:363,4
DA:364,1
DA:366,6
DA:367,0
DA:368,0
DA:373,2
DA:374,1
DA:375,3
DA:379,1
DA:380,2
DA:381,2
DA:382,4
DA:383,1
DA:384,1
DA:385,1
DA:389,0
DA:392,1
DA:393,4
DA:394,1
DA:397,2
DA:398,1
DA:399,2
DA:400,1
DA:406,3
DA:408,2
DA:416,0
DA:421,0
DA:422,0
DA:425,0
DA:426,0
DA:428,0
DA:429,0
DA:431,0
DA:432,0
DA:441,0
DA:443,0
DA:444,0
DA:451,0
DA:452,0
DA:453,0
DA:454,0
DA:456,0
DA:460,2
DA:461,2
DA:462,14
DA:465,0
DA:466,0
DA:468,0
DA:469,0
DA:470,0
DA:473,0
DA:474,0
DA:475,0
DA:479,0
DA:481,0
DA:482,0
DA:483,0
DA:487,0
DA:491,0
DA:492,0
DA:493,0
DA:494,0
DA:496,0
DA:497,0
DA:498,0
DA:502,1
DA:506,1
DA:507,1
DA:508,1
DA:509,4
DA:510,3
DA:511,4
DA:513,1
DA:516,0
DA:518,0
DA:519,0
DA:525,0
DA:526,0
DA:529,0
DA:532,2
DA:536,2
DA:537,0
DA:543,4
DA:544,2
DA:545,8
DA:547,2
DA:549,2
DA:550,6
DA:553,2
DA:556,2
DA:560,0
DA:561,0
DA:562,0
DA:563,0
DA:566,0
DA:567,0
DA:568,0
DA:569,0
DA:571,0
DA:574,4
DA:576,4
DA:577,12
DA:578,4
DA:581,5
DA:583,10
DA:584,5
DA:585,5
DA:588,0
DA:590,0
DA:591,0
DA:592,0
DA:594,0
DA:596,0
LF:272
LH:102
end_of_record
SF:lib/services/timer_scheduler.dart
DA:8,4
DA:10,0
DA:12,0
LF:3
LH:1
end_of_record
SF:lib/services/url_health_checker.dart
DA:5,19
DA:7,1
DA:9,2
DA:10,2
LF:4
LH:4
end_of_record
SF:lib/view_models/daucomps_viewmodel.dart
DA:47,0
DA:53,0
DA:58,0
DA:61,0
DA:62,0
DA:65,1
DA:66,1
DA:69,0
DA:72,0
DA:73,0
DA:76,9
DA:79,0
DA:81,0
DA:82,0
DA:85,0
DA:93,0
DA:127,9
DA:142,9
DA:143,18
DA:144,9
DA:145,9
DA:146,0
DA:154,8
DA:155,9
DA:156,27
DA:159,0
DA:164,5
DA:166,5
DA:167,5
DA:168,5
DA:171,3
DA:173,6
DA:174,6
DA:179,0
DA:180,0
DA:181,0
DA:183,0
DA:184,0
DA:186,0
DA:187,0
DA:190,0
DA:192,0
DA:193,0
DA:194,0
DA:196,0
DA:201,0
DA:205,0
DA:208,0
DA:209,0
DA:210,0
DA:212,0
DA:216,0
DA:219,0
DA:220,0
DA:224,0
DA:227,0
DA:228,0
DA:229,0
DA:233,0
DA:234,0
DA:235,0
DA:236,0
DA:237,0
DA:238,0
DA:239,0
DA:240,0
DA:241,0
DA:243,0
DA:245,0
DA:246,0
DA:247,0
DA:250,0
DA:252,0
DA:253,0
DA:255,0
DA:258,0
DA:259,0
DA:267,0
DA:268,0
DA:271,0
DA:275,1
DA:279,1
DA:280,1
DA:281,1
DA:284,0
DA:287,2
DA:288,1
DA:291,0
DA:292,0
DA:293,0
DA:296,0
DA:297,0
DA:300,1
DA:301,3
DA:302,0
DA:309,0
DA:311,1
DA:314,2
DA:315,2
DA:319,0
DA:320,0
DA:321,0
DA:323,0
DA:324,0
DA:326,0
DA:328,0
DA:329,0
DA:330,0
DA:332,0
DA:334,0
DA:336,0
DA:338,0
DA:341,0
DA:343,0
DA:348,0
DA:350,0
DA:351,0
DA:352,0
DA:354,0
DA:358,0
DA:359,0
DA:364,0
DA:365,0
DA:367,0
DA:369,0
DA:370,0
DA:371,0
DA:373,0
DA:374,0
DA:375,0
DA:376,0
DA:378,0
DA:379,0
DA:383,0
DA:384,0
DA:389,1
DA:390,1
DA:391,2
DA:392,1
DA:393,0
DA:394,0
DA:400,2
DA:401,2
DA:403,3
DA:404,3
DA:407,0
DA:408,0
DA:411,0
DA:413,0
DA:414,0
DA:415,0
DA:416,0
DA:417,0
DA:418,0
DA:419,0
DA:421,0
DA:422,0
DA:424,0
DA:429,0
DA:430,0
DA:431,0
DA:432,0
DA:434,0
DA:438,0
DA:441,0
DA:442,0
DA:444,0
DA:445,0
DA:447,0
DA:450,0
DA:451,0
DA:452,0
DA:455,0
DA:456,0
DA:459,0
DA:460,0
DA:463,0
DA:464,0
DA:466,0
DA:467,0
DA:468,0
DA:472,0
DA:474,0
DA:484,0
DA:485,0
DA:486,0
DA:488,0
DA:490,0
DA:492,0
DA:493,0
DA:497,0
DA:502,0
DA:506,0
DA:507,0
DA:508,0
DA:510,0
DA:513,0
DA:518,0
DA:519,0
DA:520,0
DA:521,0
DA:522,0
DA:523,0
DA:525,0
DA:528,0
DA:529,0
DA:530,0
DA:532,0
DA:535,0
DA:536,0
DA:537,0
DA:542,1
DA:544,2
DA:547,1
DA:548,1
DA:550,1
DA:553,1
DA:554,2
DA:557,0
DA:558,1
DA:564,0
DA:570,0
DA:571,0
DA:573,0
DA:574,0
DA:576,0
DA:579,0
DA:583,0
DA:584,0
DA:585,0
DA:588,0
DA:589,0
DA:590,0
DA:593,0
DA:594,0
DA:596,0
DA:597,0
DA:603,0
DA:605,0
DA:606,0
DA:610,0
DA:612,0
DA:613,0
DA:616,0
DA:621,0
DA:622,0
DA:623,0
DA:624,0
DA:627,0
DA:632,0
DA:633,0
DA:635,0
DA:636,0
DA:638,0
DA:639,0
DA:642,0
DA:645,0
DA:646,0
DA:651,0
DA:655,0
DA:657,0
DA:659,0
DA:660,0
DA:661,0
DA:662,0
DA:663,0
DA:665,0
DA:669,9
DA:670,9
DA:675,2
DA:676,6
DA:680,8
DA:687,2
DA:691,2
DA:695,2
DA:698,2
DA:700,2
DA:701,4
DA:702,2
DA:706,2
DA:708,2
DA:709,4
DA:710,2
DA:714,8
DA:722,8
DA:749,8
DA:752,16
DA:757,8
DA:760,1
DA:762,3
DA:763,1
DA:769,0
DA:775,0
DA:776,0
DA:777,0
DA:778,0
DA:779,0
DA:780,0
DA:781,0
DA:782,0
DA:783,0
DA:784,0
DA:789,0
DA:790,0
DA:793,0
DA:794,0
DA:796,0
DA:797,0
DA:799,0
DA:800,0
DA:802,0
DA:806,0
DA:807,0
DA:808,0
DA:810,0
DA:811,0
DA:812,0
DA:814,0
DA:816,0
DA:823,0
DA:827,0
DA:830,0
DA:831,0
DA:834,0
DA:838,0
DA:842,0
DA:843,0
DA:845,0
DA:851,0
DA:852,0
DA:856,0
DA:858,3
DA:859,3
DA:862,3
DA:865,3
DA:866,0
DA:869,3
DA:872,3
DA:874,6
DA:875,9
DA:878,6
DA:879,9
DA:882,6
DA:883,6
DA:885,12
DA:887,0
DA:889,3
DA:890,3
DA:894,0
DA:895,0
DA:896,0
DA:899,0
DA:900,0
DA:901,0
DA:902,0
DA:903,0
DA:905,0
DA:906,0
DA:907,0
DA:913,1
DA:919,1
DA:920,1
DA:922,4
DA:926,1
DA:931,1
DA:932,1
DA:934,3
DA:937,0
DA:938,0
DA:939,0
DA:940,0
DA:941,0
DA:942,0
DA:943,0
DA:944,0
DA:945,0
DA:946,0
DA:952,0
DA:954,0
DA:955,0
DA:958,0
DA:959,0
DA:960,0
DA:961,0
DA:964,0
DA:965,0
DA:966,0
DA:969,6
DA:970,6
DA:971,6
DA:972,6
DA:973,6
DA:976,2
DA:977,2
DA:978,4
DA:979,4
DA:983,2
DA:984,2
DA:985,2
DA:986,1
DA:987,1
DA:988,3
DA:989,2
DA:992,2
DA:993,2
DA:994,4
DA:995,4
DA:996,2
DA:998,1
DA:1002,2
DA:1003,2
DA:1005,2
DA:1006,2
DA:1007,4
DA:1008,4
DA:1009,2
DA:1010,2
DA:1013,4
DA:1016,1
DA:1017,1
DA:1018,1
DA:1019,2
DA:1023,1
DA:1024,4
DA:1027,3
DA:1028,2
DA:1029,2
DA:1034,1
DA:1037,1
DA:1038,1
DA:1043,1
DA:1046,0
DA:1047,0
DA:1048,0
DA:1053,1
DA:1054,1
DA:1055,1
DA:1056,1
DA:1058,1
DA:1059,1
DA:1060,1
DA:1062,1
DA:1063,1
DA:1064,1
DA:1070,0
DA:1072,0
DA:1075,0
DA:1076,0
DA:1079,0
DA:1081,0
DA:1082,0
DA:1083,0
DA:1084,0
DA:1088,6
DA:1090,2
DA:1091,2
DA:1092,2
DA:1093,3
DA:1095,12
DA:1096,12
DA:1097,12
DA:1098,6
DA:1103,1
DA:1104,2
DA:1107,1
DA:1112,1
DA:1115,2
DA:1116,2
DA:1119,3
DA:1124,2
DA:1129,1
DA:1130,2
DA:1131,1
DA:1138,1
DA:1139,2
DA:1140,1
DA:1141,3
DA:1149,1
DA:1150,1
DA:1151,1
DA:1156,2
DA:1161,2
DA:1162,2
DA:1167,1
DA:1173,1
DA:1177,1
DA:1178,4
DA:1179,1
DA:1180,0
DA:1182,1
DA:1184,1
DA:1185,1
DA:1186,0
DA:1187,0
DA:1190,1
DA:1199,1
DA:1200,0
DA:1202,1
DA:1205,2
DA:1206,2
DA:1207,1
DA:1208,4
DA:1211,0
DA:1212,0
DA:1217,1
DA:1218,0
DA:1220,1
DA:1223,2
DA:1225,1
DA:1226,2
DA:1229,0
DA:1230,0
DA:1236,0
DA:1242,0
DA:1244,0
DA:1254,0
DA:1255,0
DA:1256,0
DA:1257,0
DA:1262,0
DA:1264,0
DA:1265,0
DA:1268,0
DA:1269,0
DA:1273,0
DA:1274,0
DA:1276,0
DA:1279,0
DA:1282,0
DA:1286,0
DA:1287,0
DA:1289,0
DA:1290,0
DA:1297,0
DA:1298,0
DA:1299,0
DA:1303,0
DA:1304,0
DA:1308,0
DA:1309,0
DA:1312,0
DA:1313,0
DA:1316,0
DA:1317,0
DA:1320,0
DA:1321,0
DA:1331,0
DA:1332,0
DA:1333,0
DA:1334,0
DA:1335,0
DA:1337,0
DA:1340,0
DA:1341,0
DA:1342,0
DA:1343,0
DA:1345,0
DA:1349,0
DA:1350,0
DA:1357,0
DA:1364,0
DA:1365,0
DA:1367,0
DA:1374,9
DA:1375,9
DA:1376,9
DA:1377,13
DA:1383,1
DA:1384,1
DA:1385,1
DA:1386,1
DA:1387,4
DA:1389,2
DA:1390,1
DA:1396,2
DA:1397,1
LF:576
LH:209
end_of_record
SF:lib/view_models/teams_viewmodel.dart
DA:13,0
DA:19,0
DA:20,0
DA:21,0
DA:22,0
DA:24,0
DA:25,0
DA:28,0
DA:29,0
DA:30,0
DA:31,0
DA:33,0
DA:36,0
DA:37,0
DA:39,0
DA:43,0
DA:44,0
DA:46,0
DA:47,0
DA:48,0
DA:50,0
DA:51,0
DA:53,0
DA:54,0
DA:57,0
DA:58,0
DA:59,0
DA:60,0
DA:62,0
DA:63,0
DA:67,0
DA:69,0
DA:70,0
DA:74,0
DA:75,0
DA:80,0
DA:81,0
DA:82,0
DA:84,0
DA:85,0
DA:87,0
DA:89,0
DA:90,0
DA:91,0
DA:92,0
DA:96,0
DA:99,0
DA:100,0
DA:101,0
DA:102,0
DA:104,0
DA:105,0
DA:106,0
DA:110,0
DA:111,0
DA:114,0
DA:115,0
DA:118,0
DA:119,0
DA:121,0
DA:122,0
DA:124,0
DA:127,0
DA:129,0
DA:130,0
DA:134,0
DA:135,0
DA:139,0
DA:141,0
DA:142,0
LF:70
LH:0
end_of_record
SF:lib/view_models/gametip_viewmodel.dart
DA:39,0
DA:54,0
DA:62,2
DA:64,2
DA:71,0
DA:74,0
DA:75,0
DA:86,0
DA:89,1
DA:95,0
DA:96,1
DA:97,3
DA:98,3
DA:99,3
DA:101,1
DA:102,4
DA:104,0
DA:105,0
DA:109,1
DA:110,1
DA:115,1
DA:117,3
DA:118,3
DA:124,3
DA:125,2
DA:129,1
DA:131,0
DA:136,0
DA:137,0
DA:139,0
DA:142,1
DA:144,4
DA:145,1
DA:149,2
DA:150,0
DA:151,0
DA:152,0
DA:154,0
DA:158,1
DA:163,0
DA:166,5
DA:167,5
DA:168,3
DA:169,4
DA:170,3
DA:173,1
DA:174,1
DA:175,2
DA:178,2
DA:181,1
DA:183,6
DA:184,1
DA:187,1
DA:189,4
DA:190,4
DA:193,2
DA:194,2
DA:195,3
DA:198,1
DA:199,3
DA:204,1
DA:205,5
DA:207,1
DA:210,1
DA:211,2
DA:212,1
DA:216,5
DA:217,1
DA:222,2
DA:223,2
DA:226,1
DA:229,2
DA:230,1
DA:234,1
DA:236,1
DA:237,1
DA:238,1
DA:239,1
DA:240,1
DA:246,2
DA:247,1
DA:250,1
DA:251,1
DA:252,1
DA:256,0
DA:263,0
DA:268,0
DA:269,0
DA:270,0
DA:271,0
DA:274,0
DA:276,0
DA:280,0
DA:281,0
DA:284,0
DA:285,0
DA:286,0
DA:287,0
DA:290,0
DA:291,0
DA:292,0
DA:294,0
DA:297,0
DA:300,0
DA:307,0
DA:312,0
DA:313,0
DA:315,0
DA:316,0
DA:318,0
DA:322,0
DA:323,0
DA:326,1
DA:327,2
DA:328,0
DA:331,1
DA:334,0
DA:337,0
DA:341,0
DA:342,0
DA:345,0
DA:347,0
DA:348,0
DA:350,0
DA:351,0
DA:353,0
DA:356,0
DA:358,0
DA:359,0
DA:360,0
DA:361,0
DA:362,0
DA:367,0
DA:371,0
DA:373,0
DA:375,0
DA:376,0
DA:381,0
DA:382,0
DA:383,0
DA:384,0
DA:389,0
DA:390,0
DA:393,0
DA:397,0
DA:398,0
DA:402,1
DA:403,1
DA:406,1
DA:409,0
DA:410,0
DA:411,0
DA:412,0
DA:413,0
DA:414,0
DA:415,0
DA:416,0
DA:418,0
DA:419,0
DA:420,0
DA:421,0
DA:425,0
DA:426,0
DA:427,0
DA:431,0
DA:432,0
DA:434,0
DA:436,0
DA:437,0
DA:438,0
DA:439,0
DA:440,0
DA:441,0
DA:443,0
DA:444,0
DA:445,0
DA:446,0
DA:447,0
DA:449,0
DA:450,0
DA:452,0
DA:453,0
DA:456,0
DA:457,0
DA:460,0
DA:464,1
DA:466,1
DA:467,1
DA:468,4
DA:470,3
DA:471,1
DA:474,0
DA:475,0
DA:476,0
DA:478,0
DA:481,0
DA:482,0
DA:486,0
DA:488,0
DA:489,0
DA:493,0
DA:494,0
DA:495,0
DA:496,0
DA:497,0
DA:502,0
DA:504,0
DA:505,0
DA:512,0
DA:513,0
DA:515,0
DA:516,0
DA:517,0
DA:526,0
DA:528,0
DA:530,0
DA:531,0
DA:533,0
DA:534,0
DA:542,0
DA:543,0
DA:544,0
DA:545,0
DA:547,0
DA:548,0
DA:556,0
DA:559,0
DA:560,0
DA:563,0
DA:564,0
LF:230
LH:78
end_of_record
SF:lib/pages/user_home/user_home_tips_gameinfo.dart
DA:7,2
DA:12,2
DA:15,4
DA:16,0
DA:20,0
DA:25,6
DA:26,0
DA:27,0
DA:28,12
DA:29,6
DA:31,14
DA:33,2
DA:34,2
DA:35,2
DA:36,2
DA:37,2
DA:38,2
DA:39,2
DA:40,2
DA:41,2
DA:42,2
DA:44,2
DA:46,6
LF:23
LH:19
end_of_record
SF:lib/pages/user_home/user_home_league_ladder_historical.dart
DA:17,0
DA:23,0
DA:25,0
DA:36,0
DA:38,0
DA:39,0
DA:42,0
DA:43,0
DA:45,0
DA:46,0
DA:47,0
DA:51,0
DA:52,0
DA:55,0
DA:56,0
DA:57,0
DA:60,0
DA:62,0
DA:65,0
DA:66,0
DA:68,0
DA:69,0
DA:71,0
DA:72,0
DA:76,0
DA:79,0
DA:82,0
DA:86,0
DA:87,0
DA:88,0
DA:89,0
DA:91,0
DA:96,0
DA:97,0
DA:98,0
DA:99,0
DA:101,0
DA:102,0
DA:104,0
DA:105,0
DA:117,0
DA:119,0
DA:120,0
DA:121,0
DA:122,0
DA:124,0
DA:125,0
DA:128,0
DA:129,0
DA:130,0
DA:131,0
DA:132,0
DA:133,0
DA:138,0
DA:142,0
DA:143,0
DA:151,0
DA:156,0
DA:157,0
DA:158,0
DA:159,0
DA:163,0
DA:164,0
DA:165,0
DA:166,0
DA:172,0
DA:187,0
DA:190,0
DA:191,0
DA:193,0
DA:194,0
DA:195,0
DA:197,0
DA:200,0
DA:201,0
DA:202,0
DA:205,0
DA:206,0
DA:208,0
DA:209,0
DA:211,0
DA:213,0
DA:214,0
DA:216,0
DA:217,0
DA:218,0
DA:221,0
DA:226,0
DA:227,0
DA:238,0
DA:239,0
DA:241,0
DA:242,0
DA:254,0
DA:256,0
DA:259,0
DA:260,0
DA:261,0
DA:263,0
DA:270,0
DA:271,0
DA:272,0
DA:276,0
DA:283,0
DA:284,0
DA:286,0
DA:287,0
DA:288,0
DA:289,0
DA:292,0
DA:294,0
DA:295,0
DA:296,0
DA:298,0
DA:299,0
DA:300,0
DA:301,0
DA:302,0
DA:303,0
DA:304,0
DA:305,0
DA:308,0
DA:310,0
DA:311,0
DA:312,0
DA:315,0
DA:316,0
DA:317,0
DA:322,0
DA:325,0
DA:326,0
DA:327,0
DA:329,0
DA:330,0
DA:340,0
DA:342,0
DA:344,0
DA:345,0
DA:346,0
DA:348,0
DA:350,0
DA:351,0
DA:353,0
DA:354,0
DA:355,0
DA:357,0
DA:366,0
DA:367,0
DA:369,0
DA:371,0
DA:373,0
DA:376,0
DA:377,0
DA:378,0
DA:382,0
DA:383,0
DA:385,0
DA:386,0
DA:387,0
DA:388,0
DA:389,0
DA:394,0
DA:395,0
DA:402,0
DA:403,0
DA:404,0
DA:414,0
DA:416,0
DA:417,0
DA:419,0
DA:424,0
DA:430,0
DA:431,0
DA:434,0
DA:435,0
DA:441,0
DA:443,0
DA:449,0
DA:451,0
DA:457,0
DA:459,0
DA:465,0
DA:468,0
DA:469,0
DA:471,0
DA:473,0
DA:475,0
DA:476,0
DA:477,0
DA:478,0
DA:479,0
DA:480,0
DA:481,0
DA:484,0
DA:485,0
DA:486,0
DA:487,0
DA:488,0
DA:494,0
LF:199
LH:0
end_of_record
SF:lib/pages/user_home/user_home_league_ladder_page.dart
DA:18,0
DA:25,0
DA:26,0
DA:38,0
DA:39,0
DA:40,0
DA:42,0
DA:44,0
DA:45,0
DA:46,0
DA:49,0
DA:50,0
DA:51,0
DA:52,0
DA:53,0
DA:54,0
DA:58,0
DA:60,0
DA:63,0
DA:67,0
DA:68,0
DA:69,0
DA:74,0
DA:75,0
DA:77,0
DA:78,0
DA:80,0
DA:81,0
DA:86,0
DA:87,0
DA:91,0
DA:96,0
DA:97,0
DA:99,0
DA:100,0
DA:101,0
DA:103,0
DA:105,0
DA:109,0
DA:110,0
DA:111,0
DA:112,0
DA:118,0
DA:119,0
DA:124,0
DA:125,0
DA:130,0
DA:131,0
DA:133,0
DA:134,0
DA:135,0
DA:137,0
DA:141,0
DA:145,0
DA:146,0
DA:153,0
DA:154,0
DA:158,0
DA:159,0
DA:161,0
DA:162,0
DA:168,0
DA:172,0
DA:173,0
DA:176,0
DA:177,0
DA:183,0
DA:184,0
DA:187,0
DA:188,0
DA:190,0
DA:191,0
DA:192,0
DA:194,0
DA:197,0
DA:209,0
DA:210,0
DA:211,0
DA:218,0
DA:219,0
DA:221,0
DA:222,0
DA:224,0
DA:225,0
DA:227,0
DA:228,0
DA:230,0
DA:231,0
DA:233,0
DA:234,0
DA:236,0
DA:237,0
DA:239,0
DA:240,0
DA:242,0
DA:243,0
DA:245,0
DA:246,0
DA:249,0
DA:254,0
DA:255,0
DA:257,0
DA:258,0
DA:260,0
DA:266,0
DA:270,0
DA:274,0
DA:276,0
DA:277,0
DA:280,0
DA:282,0
DA:283,0
DA:284,0
DA:285,0
DA:286,0
DA:294,0
DA:296,0
DA:298,0
DA:299,0
DA:300,0
DA:302,0
DA:303,0
DA:305,0
DA:306,0
DA:307,0
DA:309,0
DA:311,0
DA:312,0
DA:313,0
DA:320,0
DA:322,0
DA:323,0
DA:326,0
DA:327,0
DA:329,0
DA:330,0
DA:331,0
DA:339,0
DA:340,0
DA:341,0
DA:342,0
DA:343,0
DA:344,0
DA:345,0
DA:353,0
DA:355,0
DA:357,0
DA:358,0
DA:359,0
DA:360,0
DA:366,0
DA:373,0
DA:375,0
DA:376,0
DA:378,0
DA:379,0
DA:380,0
DA:388,0
DA:389,0
DA:390,0
DA:391,0
DA:392,0
DA:393,0
DA:394,0
DA:402,0
DA:404,0
DA:405,0
DA:407,0
DA:408,0
DA:409,0
DA:411,0
DA:412,0
DA:414,0
DA:419,0
DA:420,0
DA:421,0
DA:422,0
DA:423,0
DA:424,0
DA:425,0
DA:428,0
DA:430,0
DA:431,0
DA:433,0
DA:438,0
DA:439,0
DA:440,0
DA:441,0
DA:446,0
DA:447,0
DA:449,0
DA:454,0
DA:455,0
DA:457,0
DA:462,0
DA:463,0
DA:465,0
DA:470,0
DA:471,0
DA:473,0
DA:478,0
DA:479,0
DA:481,0
DA:486,0
DA:487,0
DA:489,0
DA:494,0
DA:495,0
DA:497,0
DA:502,0
DA:503,0
DA:505,0
DA:510,0
DA:511,0
DA:513,0
DA:518,0
DA:519,0
DA:521,0
DA:526,0
DA:527,0
DA:530,0
DA:533,0
DA:534,0
DA:535,0
DA:539,0
DA:545,0
DA:546,0
DA:547,0
DA:548,0
DA:549,0
DA:550,0
DA:553,0
DA:554,0
DA:556,0
DA:557,0
DA:559,0
DA:565,0
DA:566,0
DA:569,0
DA:574,0
DA:575,0
DA:576,0
DA:577,0
DA:579,0
DA:584,0
DA:585,0
DA:592,0
DA:593,0
DA:594,0
DA:595,0
DA:599,0
DA:601,0
DA:602,0
DA:605,0
DA:606,0
DA:607,0
DA:615,0
DA:616,0
DA:617,0
DA:622,0
DA:623,0
DA:624,0
DA:629,0
DA:630,0
DA:631,0
DA:636,0
DA:637,0
DA:638,0
DA:643,0
DA:644,0
DA:645,0
DA:650,0
DA:651,0
DA:652,0
DA:657,0
DA:658,0
DA:659,0
DA:664,0
DA:665,0
DA:666,0
DA:671,0
DA:672,0
DA:673,0
DA:686,0
DA:687,0
DA:688,0
DA:689,0
DA:690,0
DA:696,0
DA:697,0
DA:698,0
DA:700,0
DA:701,0
DA:709,0
DA:710,0
DA:711,0
DA:713,0
DA:715,0
DA:717,0
DA:718,0
DA:720,0
DA:722,0
DA:723,0
DA:734,0
DA:735,0
DA:736,0
DA:737,0
DA:738,0
DA:739,0
DA:742,0
LF:310
LH:0
end_of_record
SF:lib/pages/user_home/user_home_team_games_history_page.dart
DA:16,0
DA:22,0
DA:23,0
DA:33,0
DA:35,0
DA:36,0
DA:39,0
DA:40,0
DA:41,0
DA:42,0
DA:43,0
DA:47,0
DA:48,0
DA:49,0
DA:50,0
DA:52,0
DA:53,0
DA:54,0
DA:55,0
DA:59,0
DA:60,0
DA:61,0
DA:62,0
DA:68,0
DA:69,0
DA:71,0
DA:72,0
DA:73,0
DA:75,0
DA:78,0
DA:79,0
DA:81,0
DA:82,0
DA:84,0
DA:85,0
DA:87,0
DA:88,0
DA:89,0
DA:90,0
DA:92,0
DA:93,0
DA:96,0
DA:101,0
DA:105,0
DA:106,0
DA:110,0
DA:114,0
DA:123,0
DA:125,0
DA:126,0
DA:128,0
DA:129,0
DA:130,0
DA:136,0
DA:137,0
DA:139,0
DA:140,0
DA:141,0
DA:142,0
DA:145,0
DA:149,0
DA:150,0
DA:151,0
DA:152,0
DA:153,0
DA:162,0
DA:163,0
DA:165,0
DA:166,0
DA:167,0
DA:168,0
DA:169,0
DA:170,0
DA:171,0
DA:172,0
DA:173,0
DA:177,0
DA:178,0
DA:179,0
DA:182,0
DA:188,0
DA:204,0
DA:205,0
DA:206,0
DA:209,0
DA:211,0
DA:214,0
DA:216,0
DA:218,0
DA:219,0
DA:220,0
DA:221,0
DA:222,0
DA:224,0
DA:225,0
DA:229,0
DA:230,0
DA:231,0
DA:232,0
DA:233,0
DA:235,0
DA:237,0
DA:238,0
DA:240,0
DA:241,0
DA:242,0
DA:243,0
DA:246,0
DA:247,0
DA:248,0
DA:249,0
DA:250,0
DA:257,0
DA:258,0
DA:259,0
DA:260,0
DA:261,0
DA:262,0
DA:263,0
DA:268,0
DA:270,0
DA:271,0
DA:272,0
DA:273,0
DA:274,0
DA:275,0
DA:281,0
DA:282,0
DA:284,0
DA:285,0
DA:286,0
DA:290,0
DA:292,0
DA:293,0
DA:295,0
DA:301,0
DA:307,0
DA:308,0
DA:311,0
DA:312,0
DA:318,0
DA:320,0
DA:326,0
DA:328,0
DA:334,0
DA:336,0
DA:342,0
DA:344,0
DA:350,0
DA:353,0
DA:354,0
DA:355,0
DA:356,0
DA:357,0
DA:358,0
DA:359,0
DA:360,0
DA:361,0
DA:365,0
DA:366,0
DA:368,0
DA:369,0
DA:371,0
DA:377,0
LF:164
LH:0
end_of_record
SF:lib/widgets/selected_comp_banner.dart
DA:6,1
DA:15,1
DA:18,1
DA:20,1
DA:22,1
DA:23,1
DA:24,1
DA:25,1
DA:29,1
DA:30,2
DA:40,1
DA:41,2
DA:42,1
LF:13
LH:13
end_of_record
SF:lib/pages/user_home/user_home_tips_gamelist.dart
DA:15,1
DA:29,0
DA:31,1
DA:32,1
DA:34,2
DA:35,2
DA:36,2
DA:37,2
DA:38,2
DA:41,1
DA:45,2
DA:46,2
DA:47,2
DA:50,4
DA:56,2
DA:57,2
DA:58,2
DA:61,4
DA:65,1
DA:69,1
DA:70,2
DA:72,2
DA:73,2
DA:74,2
DA:75,1
DA:76,1
DA:79,1
DA:83,1
DA:98,1
DA:102,1
DA:106,1
DA:108,1
DA:109,3
DA:110,5
DA:114,1
DA:118,1
DA:119,1
DA:121,4
DA:122,1
DA:123,1
DA:124,2
DA:125,2
DA:127,2
DA:137,1
DA:143,1
DA:144,3
DA:145,1
DA:146,1
DA:149,1
DA:150,6
DA:154,1
DA:155,1
DA:156,1
DA:159,1
DA:160,1
DA:161,0
DA:162,0
DA:163,0
DA:164,0
DA:168,2
DA:169,3
DA:170,3
DA:171,2
DA:172,1
DA:174,1
DA:175,1
DA:176,2
DA:177,2
DA:178,3
DA:186,0
DA:191,0
DA:196,0
DA:197,0
DA:198,0
DA:199,0
DA:205,0
DA:208,0
DA:218,0
DA:219,0
DA:220,0
DA:221,0
DA:222,0
DA:224,0
DA:226,0
DA:227,0
DA:229,0
DA:230,0
DA:231,0
DA:236,0
DA:237,0
DA:251,0
DA:252,0
DA:254,0
DA:255,0
DA:257,0
DA:260,0
DA:261,0
DA:262,0
DA:265,0
DA:269,0
DA:271,0
DA:272,0
DA:273,0
DA:274,0
DA:275,0
DA:283,0
DA:289,0
DA:306,0
DA:309,0
DA:311,0
DA:312,0
DA:313,0
DA:314,0
DA:315,0
DA:316,0
DA:317,0
DA:321,0
DA:322,0
DA:323,0
DA:325,0
DA:326,0
DA:328,0
DA:337,0
DA:342,0
DA:344,0
DA:345,0
DA:346,0
DA:347,0
DA:348,0
DA:350,0
DA:354,0
DA:356,0
DA:357,0
DA:358,0
DA:361,0
DA:362,0
DA:363,0
DA:364,0
LF:138
LH:64
end_of_record
SF:lib/pages/user_home/user_home_tips_round_leagueheader_listtile.dart
DA:19,0
DA:42,0
DA:44,0
DA:46,0
DA:47,0
DA:50,0
DA:54,0
DA:55,0
DA:56,0
DA:57,0
DA:59,0
DA:61,0
DA:62,0
DA:63,0
DA:64,0
DA:65,0
DA:66,0
DA:67,0
DA:71,0
DA:72,0
DA:73,0
DA:75,0
DA:76,0
DA:78,0
DA:79,0
DA:80,0
DA:81,0
DA:82,0
DA:83,0
DA:84,0
DA:86,0
DA:87,0
DA:88,0
DA:90,0
DA:91,0
DA:92,0
DA:94,0
DA:95,0
DA:102,0
DA:103,0
DA:104,0
DA:105,0
DA:117,0
DA:119,0
DA:122,0
DA:123,0
DA:124,0
DA:126,0
DA:128,0
DA:129,0
DA:130,0
DA:131,0
DA:136,0
DA:143,0
DA:144,0
DA:145,0
DA:146,0
DA:147,0
DA:149,0
DA:154,0
DA:155,0
DA:156,0
DA:157,0
DA:158,0
DA:163,0
DA:168,0
DA:169,0
DA:170,0
DA:175,0
DA:180,0
DA:183,0
DA:184,0
DA:185,0
DA:186,0
DA:187,0
DA:192,0
DA:197,0
DA:202,0
DA:211,0
DA:212,0
DA:213,0
DA:214,0
DA:219,0
DA:230,0
DA:232,0
DA:233,0
DA:234,0
DA:235,0
DA:237,0
DA:239,0
DA:241,0
DA:253,0
DA:254,0
DA:260,0
DA:262,0
DA:263,0
LF:96
LH:0
end_of_record
SF:lib/pages/user_home/user_home_tips_gamelistitem.dart
DA:29,1
DA:46,1
DA:47,1
DA:55,1
DA:56,2
DA:64,1
DA:66,1
DA:67,1
DA:68,1
DA:71,1
DA:73,1
DA:75,4
DA:76,6
DA:77,4
DA:79,4
DA:81,4
DA:88,1
DA:99,1
DA:100,1
DA:104,1
DA:105,1
DA:106,2
DA:107,2
DA:108,1
DA:112,2
DA:113,4
DA:119,2
DA:120,7
DA:122,3
DA:124,1
DA:127,2
DA:128,7
DA:130,3
DA:132,1
DA:136,3
DA:137,2
DA:138,1
DA:139,1
DA:140,1
DA:143,0
DA:144,0
DA:145,0
DA:146,0
DA:147,0
DA:148,0
DA:153,1
DA:154,2
DA:155,1
DA:159,0
DA:160,0
DA:161,0
DA:162,0
DA:163,0
DA:164,0
DA:165,0
DA:170,1
DA:171,3
DA:172,1
DA:173,1
DA:174,1
DA:175,1
DA:176,1
DA:181,1
DA:182,2
DA:183,1
DA:184,0
DA:185,0
DA:186,0
DA:189,2
DA:190,1
DA:191,1
DA:192,1
DA:196,1
DA:197,1
DA:198,1
DA:201,1
DA:203,2
DA:204,1
DA:205,1
DA:208,1
DA:210,1
DA:211,1
DA:212,1
DA:213,1
DA:215,1
DA:217,1
DA:218,1
DA:220,1
DA:223,1
DA:225,1
DA:226,1
DA:227,1
DA:230,1
DA:231,1
DA:232,1
DA:233,3
DA:235,1
DA:237,1
DA:238,0
DA:241,0
DA:242,0
DA:245,1
DA:247,1
DA:252,1
DA:253,1
DA:256,1
DA:257,1
DA:260,1
DA:261,1
DA:263,2
DA:264,1
DA:266,2
DA:271,1
DA:273,1
DA:274,0
DA:275,0
DA:277,0
DA:278,0
DA:279,0
DA:280,0
DA:281,0
DA:282,0
DA:290,1
DA:295,1
DA:298,1
DA:301,1
DA:303,1
DA:304,1
DA:306,4
DA:307,1
DA:309,1
DA:310,1
DA:311,1
DA:313,1
DA:314,2
DA:316,1
DA:317,0
DA:323,1
DA:325,4
DA:326,1
DA:328,1
DA:329,1
DA:330,1
DA:332,1
DA:333,2
DA:335,1
DA:336,0
DA:343,1
DA:345,2
DA:346,1
DA:348,2
DA:352,1
DA:353,1
DA:354,1
DA:355,1
DA:356,1
DA:357,1
DA:363,0
DA:365,1
DA:367,2
DA:370,1
DA:379,1
DA:381,2
DA:383,2
DA:386,1
DA:390,6
DA:397,1
DA:398,1
DA:402,1
DA:404,0
DA:406,1
DA:409,1
DA:415,0
DA:426,1
DA:427,1
DA:429,1
DA:430,1
DA:431,1
DA:436,1
DA:441,1
DA:442,1
DA:443,1
DA:445,1
DA:448,1
DA:449,0
DA:450,0
DA:461,1
DA:466,0
DA:470,1
DA:471,1
DA:472,1
DA:473,1
DA:481,3
DA:483,3
DA:485,2
DA:493,1
DA:494,1
DA:496,2
DA:499,0
DA:502,0
DA:506,1
DA:507,1
DA:510,0
DA:511,0
DA:512,0
DA:513,0
DA:514,0
DA:515,0
DA:517,0
DA:529,0
DA:539,0
DA:540,0
DA:546,0
DA:548,0
DA:549,0
DA:552,0
DA:554,0
DA:556,0
DA:557,0
DA:559,0
DA:562,0
DA:566,0
DA:570,0
DA:571,0
DA:576,0
DA:577,0
DA:581,0
DA:582,0
DA:583,0
DA:586,0
DA:590,0
DA:592,0
DA:593,0
DA:595,0
DA:601,1
DA:617,1
DA:619,1
DA:621,1
DA:622,1
DA:623,2
DA:624,2
DA:625,3
DA:626,1
DA:627,1
DA:628,1
DA:635,1
DA:636,1
DA:637,1
DA:638,1
DA:644,1
DA:645,1
DA:652,1
DA:672,1
DA:674,1
DA:675,1
DA:677,1
DA:678,1
DA:679,4
DA:680,1
DA:682,1
DA:684,3
DA:685,1
DA:686,1
DA:691,1
DA:692,0
DA:694,0
DA:696,0
DA:699,1
DA:700,4
DA:701,1
DA:703,1
DA:705,3
DA:706,1
DA:707,1
DA:714,1
DA:715,3
DA:716,2
DA:718,3
DA:721,1
DA:722,1
DA:724,3
DA:728,1
DA:729,1
DA:731,3
DA:735,1
DA:736,1
DA:739,1
DA:740,1
DA:741,4
DA:742,3
DA:743,1
DA:744,1
DA:747,0
DA:751,1
DA:752,1
DA:753,4
DA:754,3
DA:755,1
DA:756,1
DA:759,1
LF:300
LH:227
end_of_record
SF:lib/pages/user_home/user_home_tips_livescoring_modal.dart
DA:13,0
DA:15,0
DA:16,0
DA:32,0
DA:34,0
DA:35,0
DA:36,0
DA:37,0
DA:38,0
DA:41,0
DA:42,0
DA:45,0
DA:47,0
DA:50,0
DA:51,0
DA:67,0
DA:69,0
DA:77,0
DA:78,0
DA:79,0
DA:80,0
DA:81,0
DA:82,0
DA:83,0
DA:84,0
DA:85,0
DA:86,0
DA:90,0
DA:91,0
DA:92,0
DA:105,0
DA:106,0
DA:107,0
DA:108,0
DA:109,0
DA:110,0
DA:111,0
DA:115,0
DA:116,0
DA:117,0
DA:131,0
DA:133,0
DA:136,0
DA:137,0
DA:138,0
DA:139,0
DA:140,0
DA:141,0
DA:144,0
DA:145,0
DA:146,0
DA:147,0
DA:148,0
DA:151,0
DA:152,0
DA:153,0
DA:154,0
DA:155,0
DA:158,0
DA:159,0
DA:160,0
DA:161,0
DA:162,0
DA:163,0
DA:164,0
DA:165,0
DA:168,0
DA:170,0
DA:173,0
DA:181,0
DA:182,0
DA:183,0
DA:185,0
DA:186,0
DA:188,0
DA:190,0
DA:203,0
DA:204,0
DA:206,0
DA:208,0
DA:209,0
DA:210,0
DA:212,0
DA:213,0
DA:214,0
DA:217,0
DA:218,0
DA:219,0
DA:220,0
DA:221,0
DA:222,0
DA:224,0
DA:226,0
DA:227,0
DA:230,0
DA:231,0
DA:232,0
DA:234,0
DA:235,0
DA:241,0
DA:242,0
DA:243,0
DA:248,0
DA:255,0
DA:278,0
DA:279,0
DA:280,0
DA:281,0
DA:282,0
DA:286,0
DA:292,0
DA:294,0
DA:297,0
DA:298,0
DA:299,0
DA:300,0
DA:302,0
DA:317,0
DA:318,0
DA:320,0
DA:321,0
DA:322,0
DA:328,0
DA:330,0
DA:331,0
DA:332,0
DA:336,0
DA:344,0
DA:345,0
DA:346,0
DA:347,0
DA:348,0
DA:350,0
DA:351,0
DA:352,0
DA:354,0
DA:357,0
DA:360,0
DA:361,0
DA:363,0
DA:365,0
DA:368,0
DA:369,0
DA:373,0
DA:374,0
DA:375,0
DA:376,0
DA:377,0
DA:379,0
DA:380,0
DA:381,0
DA:383,0
DA:386,0
DA:389,0
DA:390,0
DA:393,0
DA:394,0
DA:395,0
LF:158
LH:0
end_of_record
SF:lib/widgets/live_scores_warning_card.dart
DA:14,0
DA:16,0
DA:18,0
DA:19,0
DA:20,0
DA:21,0
DA:27,0
DA:29,0
DA:30,0
DA:32,0
DA:33,0
DA:35,0
DA:36,0
DA:37,0
DA:39,0
DA:42,0
DA:43,0
DA:44,0
DA:46,0
DA:47,0
DA:48,0
DA:49,0
DA:51,0
DA:52,0
DA:53,0
DA:55,0
DA:56,0
DA:58,0
DA:60,0
DA:66,0
DA:74,0
DA:75,0
DA:76,0
DA:77,0
DA:80,1
DA:81,3
DA:82,1
DA:84,2
DA:86,1
DA:88,1
DA:93,1
DA:94,0
DA:95,0
DA:96,0
DA:97,0
DA:102,0
DA:103,0
DA:104,0
DA:105,0
DA:106,0
DA:107,0
DA:109,0
DA:110,0
DA:122,1
DA:123,1
DA:124,0
DA:131,0
DA:132,0
DA:133,0
DA:134,0
DA:139,0
DA:143,0
DA:144,0
DA:146,0
DA:147,0
DA:148,0
DA:149,0
DA:152,0
LF:68
LH:9
end_of_record
SF:lib/pages/user_home/user_home_tips_scoringtile.dart
DA:15,1
DA:26,1
DA:27,1
DA:31,1
DA:33,1
DA:34,3
DA:35,3
DA:40,1
DA:42,1
DA:43,2
DA:44,1
DA:45,1
DA:46,1
DA:47,1
DA:48,2
DA:49,1
DA:51,1
DA:52,1
DA:53,1
DA:55,1
DA:58,1
DA:62,1
DA:63,1
DA:64,1
DA:65,1
DA:66,1
DA:67,1
DA:68,1
DA:69,1
DA:70,1
DA:82,1
DA:83,1
DA:85,2
DA:87,2
DA:91,1
DA:98,1
DA:100,1
DA:101,2
DA:102,1
DA:108,1
DA:109,1
DA:111,1
DA:113,1
DA:115,1
DA:116,1
DA:117,1
DA:119,1
DA:120,1
DA:125,1
DA:126,1
DA:139,1
DA:140,1
DA:141,2
DA:142,1
DA:145,1
DA:147,1
DA:149,1
DA:150,1
DA:151,1
DA:153,1
DA:154,1
DA:159,2
DA:160,3
DA:161,0
DA:162,0
DA:163,0
DA:185,1
DA:187,3
DA:189,1
DA:191,1
DA:193,1
DA:194,1
DA:195,1
DA:197,1
DA:198,1
DA:203,1
DA:204,1
DA:217,1
DA:218,1
DA:220,2
DA:221,3
DA:223,1
DA:225,1
DA:227,1
DA:228,1
DA:229,1
DA:232,1
DA:234,1
DA:235,1
DA:240,1
DA:241,1
LF:91
LH:88
end_of_record
SF:lib/pages/user_home/user_home_tips_tipchoice.dart
DA:12,1
DA:23,1
DA:25,1
DA:26,1
DA:27,1
DA:28,1
DA:29,1
DA:31,1
DA:34,1
DA:35,1
DA:37,1
DA:39,1
DA:40,1
DA:41,1
DA:43,1
DA:46,0
DA:48,0
DA:49,0
DA:53,1
DA:54,1
DA:56,1
DA:59,0
DA:61,0
DA:62,0
DA:68,1
DA:70,1
DA:71,1
DA:72,1
DA:74,1
DA:77,0
DA:79,0
DA:80,0
DA:85,1
DA:87,1
DA:88,1
DA:89,1
DA:91,1
DA:94,0
DA:96,0
DA:97,0
DA:101,1
DA:102,1
DA:104,1
DA:107,0
DA:109,0
DA:110,0
DA:118,2
DA:119,0
DA:120,0
DA:121,0
DA:122,0
DA:123,0
DA:141,1
DA:146,1
DA:147,1
DA:148,3
DA:149,0
DA:150,1
DA:152,3
DA:153,0
DA:154,1
DA:157,2
DA:159,1
DA:161,1
DA:162,1
DA:164,0
DA:165,0
DA:166,0
DA:179,0
DA:180,0
DA:181,0
DA:182,0
DA:184,0
DA:185,0
DA:192,0
DA:193,0
DA:194,0
DA:195,0
DA:199,0
DA:200,0
DA:201,0
DA:202,0
DA:203,0
DA:204,0
DA:206,0
DA:208,0
DA:220,0
DA:222,0
DA:224,0
DA:232,0
DA:233,0
DA:234,0
DA:235,0
DA:237,0
DA:238,0
DA:243,0
DA:244,0
DA:245,0
DA:247,0
DA:249,0
DA:252,0
DA:253,0
DA:254,0
DA:257,0
DA:258,0
DA:265,0
DA:274,0
DA:275,0
DA:277,0
DA:278,0
DA:280,0
DA:281,0
DA:283,0
DA:284,0
DA:286,0
DA:287,0
DA:289,0
DA:293,0
DA:296,0
DA:298,0
DA:299,0
DA:300,0
DA:310,0
DA:311,0
DA:312,0
DA:313,0
DA:316,0
DA:318,0
DA:320,0
LF:129
LH:43
end_of_record
SF:lib/pages/user_home/user_home_tips_kickoff_countdown.dart
DA:7,0
DA:9,0
DA:10,0
DA:17,0
DA:19,0
DA:20,0
DA:21,0
DA:24,0
DA:26,0
DA:27,0
DA:28,0
DA:32,0
DA:34,0
DA:35,0
DA:38,0
DA:39,0
DA:40,0
DA:44,0
DA:45,0
DA:46,0
DA:48,0
DA:49,0
DA:50,0
DA:51,0
DA:52,0
DA:54,0
DA:59,0
DA:61,0
DA:62,0
DA:64,0
DA:65,0
LF:31
LH:0
end_of_record
SF:lib/pages/admin_tippers/admin_tippers_edit_add.dart
DA:30,1
DA:32,1
DA:33,1
DA:58,3
DA:59,3
DA:60,1
DA:61,5
DA:63,1
DA:67,3
DA:70,1
DA:71,2
DA:73,2
DA:74,1
DA:75,1
DA:78,1
DA:80,1
DA:81,3
DA:83,3
DA:84,4
DA:85,4
DA:86,4
DA:87,4
DA:88,2
DA:89,3
DA:92,3
DA:93,3
DA:94,3
DA:95,2
DA:98,1
DA:100,2
DA:101,2
DA:102,2
DA:103,2
DA:104,2
DA:105,1
DA:108,1
DA:110,4
DA:111,4
DA:112,0
DA:113,0
DA:115,2
DA:116,2
DA:117,1
DA:121,0
DA:122,0
DA:123,0
DA:125,0
DA:129,0
DA:130,0
DA:131,0
DA:134,0
DA:135,0
DA:144,0
DA:145,0
DA:146,0
DA:150,0
DA:154,0
DA:158,0
DA:159,0
DA:161,0
DA:162,0
DA:164,0
DA:165,0
DA:166,0
DA:171,0
DA:172,0
DA:174,0
DA:176,0
DA:177,0
DA:178,0
DA:182,0
DA:184,0
DA:186,0
DA:188,0
DA:191,0
DA:192,0
DA:193,0
DA:196,0
DA:205,1
DA:208,1
DA:209,1
DA:210,2
DA:211,2
DA:212,1
DA:215,0
DA:216,0
DA:218,0
DA:219,0
DA:220,0
DA:222,0
DA:223,0
DA:224,0
DA:225,0
DA:236,2
DA:240,2
DA:241,2
DA:243,2
DA:245,2
DA:246,2
DA:248,2
DA:250,2
DA:251,2
DA:253,2
DA:254,3
DA:255,0
DA:258,2
DA:259,2
DA:261,4
DA:264,2
DA:267,0
DA:268,0
DA:269,0
DA:270,0
DA:272,0
DA:274,0
DA:275,0
DA:276,0
DA:277,0
DA:289,1
DA:290,3
DA:293,2
DA:294,1
DA:297,1
DA:298,1
DA:300,2
DA:301,1
DA:304,1
DA:305,2
DA:309,1
DA:311,1
DA:312,3
DA:313,1
DA:314,0
DA:315,0
DA:316,0
DA:317,0
DA:318,0
DA:319,0
DA:321,0
DA:323,1
DA:324,1
DA:325,1
DA:326,1
DA:327,1
DA:329,1
DA:331,0
DA:332,0
DA:337,1
DA:338,1
DA:340,1
DA:342,3
DA:343,1
DA:347,1
DA:348,0
DA:351,0
DA:353,0
DA:357,1
DA:358,1
DA:366,1
DA:368,1
DA:369,1
DA:370,1
DA:371,1
DA:372,1
DA:374,1
DA:375,1
DA:376,1
DA:382,1
DA:383,1
DA:385,1
DA:386,1
DA:390,0
DA:392,0
DA:394,1
DA:395,1
DA:400,0
DA:403,3
DA:404,1
DA:406,1
DA:412,1
DA:413,2
DA:414,1
DA:415,1
DA:416,1
DA:419,1
DA:420,2
DA:421,1
DA:422,1
DA:423,2
DA:427,1
DA:428,1
DA:430,2
DA:431,1
DA:432,0
DA:434,0
DA:435,0
DA:444,1
DA:445,0
DA:447,0
DA:448,0
DA:450,0
DA:451,0
DA:458,1
DA:459,1
DA:461,0
DA:464,1
DA:466,1
DA:467,2
DA:468,1
DA:471,0
DA:472,0
DA:476,0
DA:479,0
DA:481,0
DA:500,1
DA:501,1
DA:507,1
DA:508,1
DA:510,1
DA:511,1
DA:512,1
DA:514,1
DA:515,1
DA:522,1
DA:523,1
DA:525,1
DA:526,1
DA:530,1
DA:531,1
DA:532,0
DA:533,0
DA:545,1
DA:547,1
DA:552,1
DA:553,1
DA:558,1
DA:559,1
DA:560,1
DA:565,1
DA:566,1
DA:568,1
DA:570,1
DA:582,1
DA:583,1
DA:589,1
DA:590,1
DA:592,1
DA:594,1
DA:609,1
DA:610,3
DA:612,1
DA:616,2
DA:618,1
DA:619,1
DA:620,1
DA:624,3
DA:627,0
DA:629,0
DA:630,0
DA:631,0
DA:634,0
DA:635,0
DA:636,0
DA:638,0
DA:645,0
DA:646,0
DA:658,0
DA:666,0
DA:667,0
DA:668,0
DA:669,0
DA:670,0
DA:671,0
DA:672,0
DA:674,0
DA:675,0
DA:677,0
DA:681,0
DA:685,0
DA:696,1
DA:697,1
DA:702,1
DA:703,1
DA:704,1
DA:705,2
DA:709,0
DA:710,0
DA:711,0
DA:712,0
DA:713,0
DA:714,0
DA:715,0
DA:716,0
DA:721,1
DA:722,1
DA:724,0
DA:725,0
DA:727,0
DA:728,0
DA:729,0
DA:730,0
LF:301
LH:177
end_of_record
SF:lib/pages/admin_tippers/admin_tipper_merge.dart
DA:12,0
DA:18,0
DA:20,0
DA:27,0
DA:29,0
DA:32,0
DA:37,0
DA:45,0
DA:46,0
DA:48,0
DA:49,0
DA:50,0
DA:51,0
DA:54,0
DA:55,0
DA:56,0
DA:57,0
DA:59,0
DA:61,0
DA:62,0
DA:63,0
DA:65,0
DA:73,0
DA:76,0
DA:77,0
DA:78,0
DA:79,0
DA:81,0
DA:82,0
DA:83,0
DA:84,0
DA:86,0
DA:87,0
DA:88,0
DA:90,0
DA:92,0
DA:93,0
DA:94,0
DA:95,0
DA:96,0
DA:97,0
DA:98,0
DA:99,0
DA:100,0
DA:104,0
DA:105,0
DA:106,0
DA:107,0
DA:108,0
DA:109,0
DA:110,0
DA:111,0
DA:112,0
DA:113,0
DA:116,0
DA:119,0
DA:121,0
DA:123,0
DA:127,0
DA:128,0
DA:129,0
DA:131,0
DA:132,0
DA:133,0
DA:134,0
DA:136,0
DA:137,0
DA:138,0
DA:139,0
DA:144,0
DA:145,0
DA:146,0
DA:147,0
DA:148,0
DA:149,0
DA:153,0
DA:154,0
DA:156,0
DA:157,0
DA:167,0
DA:168,0
DA:169,0
DA:170,0
DA:171,0
DA:172,0
DA:173,0
DA:174,0
DA:177,0
DA:178,0
DA:180,0
DA:183,0
DA:184,0
DA:185,0
DA:186,0
DA:188,0
DA:189,0
DA:190,0
DA:194,0
DA:198,0
DA:200,0
DA:204,0
DA:205,0
DA:207,0
DA:208,0
DA:209,0
DA:210,0
DA:212,0
DA:214,0
DA:215,0
DA:216,0
DA:217,0
DA:220,0
DA:221,0
DA:222,0
DA:223,0
DA:229,0
DA:230,0
DA:231,0
DA:232,0
DA:233,0
DA:239,0
DA:240,0
DA:241,0
DA:246,0
DA:247,0
DA:248,0
DA:255,0
LF:127
LH:0
end_of_record
SF:lib/pages/admin_daucomps/admin_daucomps_edit.dart
DA:15,1
DA:22,1
DA:28,2
DA:30,2
DA:32,1
DA:40,1
DA:46,1
DA:47,1
DA:67,1
DA:69,1
DA:70,3
DA:71,1
DA:72,2
DA:73,0
DA:74,0
DA:75,0
DA:77,5
DA:78,2
DA:79,4
DA:81,2
DA:82,4
DA:84,2
DA:85,3
DA:86,0
DA:88,0
DA:91,2
DA:92,3
DA:93,0
DA:95,0
DA:99,2
DA:101,2
DA:104,1
DA:105,1
DA:106,5
DA:108,0
DA:111,1
DA:112,1
DA:115,1
DA:124,3
DA:125,3
DA:126,3
DA:127,3
DA:128,3
DA:129,2
DA:130,2
DA:131,2
DA:132,2
DA:133,2
DA:134,1
DA:135,0
DA:137,1
DA:140,1
DA:141,3
DA:142,3
DA:143,3
DA:144,3
DA:145,3
DA:150,1
DA:153,2
DA:154,2
DA:156,1
DA:157,5
DA:160,2
DA:162,0
DA:163,0
DA:164,0
DA:176,6
DA:177,3
DA:178,4
DA:179,3
DA:180,4
DA:181,3
DA:182,3
DA:183,0
DA:185,0
DA:187,3
DA:188,3
DA:189,0
DA:191,0
DA:193,2
DA:197,1
DA:198,2
DA:201,2
DA:202,0
DA:203,0
DA:205,0
DA:209,0
DA:215,0
DA:216,0
DA:217,0
DA:218,0
DA:219,0
DA:222,0
DA:226,0
DA:227,0
DA:228,0
DA:230,0
DA:231,0
DA:234,0
DA:236,0
DA:237,0
DA:238,0
DA:239,0
DA:244,0
DA:245,0
DA:247,0
DA:251,0
DA:252,0
DA:253,0
DA:254,0
DA:255,0
DA:256,0
DA:264,0
DA:265,0
DA:266,0
DA:268,0
DA:272,0
DA:275,0
DA:276,0
DA:277,0
DA:278,0
DA:284,0
DA:286,0
DA:287,0
DA:288,0
DA:290,0
DA:294,0
DA:295,0
DA:296,0
DA:297,0
DA:310,1
DA:312,1
DA:313,1
DA:314,1
DA:315,1
DA:316,1
DA:317,1
DA:318,1
DA:319,1
DA:322,1
DA:323,1
DA:324,1
DA:325,1
DA:328,0
DA:330,0
DA:334,0
DA:335,0
DA:336,0
DA:337,0
DA:341,0
DA:342,0
DA:343,0
DA:344,0
DA:356,1
DA:357,1
DA:358,1
DA:359,1
DA:362,1
DA:364,1
DA:365,1
DA:367,0
DA:368,0
DA:370,0
DA:371,0
DA:372,0
DA:375,0
DA:377,0
DA:378,0
DA:379,0
DA:389,1
DA:392,1
DA:393,1
DA:394,1
DA:396,1
DA:398,1
DA:399,2
DA:400,1
DA:401,1
DA:403,2
DA:404,0
DA:405,0
DA:406,0
DA:409,1
DA:410,1
DA:411,2
DA:412,1
DA:414,1
DA:416,1
DA:418,1
DA:420,1
DA:422,0
DA:426,0
DA:427,0
DA:429,0
DA:431,1
DA:432,0
DA:433,0
DA:434,0
DA:436,0
DA:437,0
DA:438,0
DA:439,0
DA:445,0
DA:456,0
DA:457,0
DA:462,3
DA:463,2
DA:464,0
DA:467,1
DA:469,1
DA:476,1
DA:478,0
DA:479,0
DA:481,0
DA:482,0
DA:487,0
DA:488,0
DA:489,0
DA:490,0
DA:502,1
DA:504,2
DA:505,4
DA:506,1
DA:507,0
DA:509,1
DA:514,2
DA:516,1
DA:518,0
DA:520,1
DA:523,1
DA:538,1
DA:539,1
DA:540,3
DA:541,1
DA:542,2
LF:235
LH:125
end_of_record
SF:lib/pages/admin_daucomps/admin_daucomps_edit_rounds_table.dart
DA:11,1
DA:17,1
DA:19,1
DA:27,1
DA:29,1
DA:30,1
DA:33,1
DA:35,1
DA:37,6
DA:40,5
DA:41,5
DA:42,3
DA:43,6
DA:44,4
DA:45,6
DA:46,4
DA:47,6
DA:48,4
DA:49,6
DA:50,4
DA:51,5
DA:52,3
DA:53,5
DA:54,3
DA:62,0
DA:63,0
DA:67,1
DA:68,3
DA:69,4
DA:71,11
DA:73,4
DA:75,11
DA:80,1
DA:81,3
DA:82,1
DA:84,2
DA:85,3
DA:86,1
DA:88,2
DA:91,1
DA:93,1
DA:94,1
DA:97,1
DA:99,1
DA:107,1
DA:138,2
DA:139,2
DA:140,1
DA:141,1
DA:142,1
DA:144,3
DA:146,1
DA:147,1
DA:148,3
DA:149,3
DA:150,1
DA:151,1
DA:152,1
DA:153,1
DA:154,0
DA:155,0
DA:157,0
DA:158,0
DA:162,1
DA:163,1
DA:164,3
DA:165,3
DA:166,1
DA:167,1
DA:168,1
DA:169,1
DA:170,0
DA:171,0
DA:172,0
DA:173,0
DA:177,1
DA:179,3
DA:181,1
DA:183,3
LF:79
LH:69
end_of_record
SF:lib/pages/admin_daucomps/admin_daucomps_edit_warning.dart
DA:8,0
DA:10,0
DA:12,0
DA:15,0
DA:16,0
DA:17,0
DA:18,0
DA:20,0
DA:22,0
DA:33,0
DA:36,0
DA:37,0
DA:38,0
DA:39,0
DA:40,0
LF:15
LH:0
end_of_record
SF:lib/pages/admin_daucomps/admin_daucomps_edit_buttons.dart
DA:24,1
DA:32,1
DA:34,1
DA:37,1
DA:38,1
DA:39,2
DA:40,0
DA:41,0
DA:42,0
DA:49,2
DA:51,2
DA:52,1
DA:54,1
DA:55,2
DA:56,1
DA:58,1
DA:64,0
DA:65,0
DA:66,0
DA:67,0
DA:68,0
DA:69,0
DA:76,2
DA:79,1
DA:80,2
DA:93,2
DA:101,2
DA:103,2
DA:107,4
DA:117,2
DA:119,2
DA:121,4
DA:122,2
DA:124,2
DA:126,2
DA:127,2
DA:129,2
DA:130,2
DA:133,1
DA:134,2
DA:135,0
DA:136,0
DA:137,0
DA:145,1
DA:146,0
DA:155,1
DA:161,1
DA:162,0
DA:163,0
DA:172,2
DA:174,1
DA:175,1
DA:179,1
DA:188,2
DA:189,1
DA:191,1
DA:193,1
DA:196,2
DA:201,1
DA:205,1
DA:206,1
DA:207,1
DA:211,1
DA:212,2
DA:213,1
DA:214,1
DA:220,1
DA:221,1
DA:222,1
DA:223,1
DA:225,1
DA:228,1
DA:229,1
DA:230,1
DA:234,1
DA:235,2
DA:236,1
DA:239,1
DA:241,2
DA:243,1
DA:245,1
DA:249,2
DA:250,1
DA:252,1
DA:259,1
DA:260,1
DA:264,1
DA:266,2
DA:268,1
DA:270,1
DA:273,2
DA:274,1
DA:276,1
DA:277,1
DA:279,1
DA:288,1
DA:290,1
DA:291,1
DA:292,2
DA:296,2
DA:307,1
DA:308,1
DA:309,0
DA:310,0
DA:311,0
DA:312,0
DA:313,0
DA:315,1
DA:316,2
DA:327,1
DA:333,1
DA:338,1
DA:339,0
DA:340,0
DA:342,0
DA:351,1
DA:352,1
DA:353,1
DA:354,1
DA:355,0
DA:359,0
DA:363,3
DA:364,1
DA:374,1
DA:375,1
DA:377,2
DA:378,1
DA:379,1
DA:396,2
DA:403,1
DA:405,1
DA:406,1
DA:409,1
DA:410,1
DA:411,3
DA:412,2
DA:414,1
DA:417,1
DA:418,3
DA:420,1
DA:421,1
DA:424,1
DA:425,1
DA:426,1
DA:427,3
DA:428,1
DA:432,2
DA:434,1
DA:435,1
DA:436,3
DA:437,4
DA:459,1
DA:467,1
DA:468,1
DA:469,1
DA:471,1
DA:472,2
DA:473,2
DA:474,1
DA:475,3
DA:476,3
DA:480,1
DA:481,2
DA:482,2
DA:483,2
DA:486,1
DA:490,0
DA:492,1
DA:497,0
DA:498,1
DA:500,1
DA:505,0
DA:506,1
DA:508,0
DA:512,0
DA:518,0
DA:524,1
DA:529,1
DA:530,1
DA:534,2
DA:535,1
DA:536,1
DA:539,2
DA:540,1
DA:541,2
DA:544,0
DA:545,0
DA:546,0
DA:556,1
DA:561,3
DA:568,2
DA:571,1
DA:577,1
DA:579,1
DA:580,1
DA:581,1
DA:582,1
DA:584,1
DA:587,1
DA:592,1
DA:594,1
DA:595,2
DA:605,1
DA:607,0
DA:608,0
DA:620,1
DA:621,1
DA:622,0
DA:625,1
DA:626,3
DA:627,1
DA:649,0
DA:651,0
DA:653,0
DA:655,0
DA:657,0
DA:659,0
DA:660,0
DA:661,0
DA:663,0
DA:664,0
DA:667,0
DA:668,0
DA:669,0
DA:671,0
DA:673,0
DA:674,0
DA:675,0
DA:676,0
DA:680,0
DA:682,0
DA:684,0
DA:689,0
DA:690,0
DA:691,0
DA:692,0
DA:696,0
DA:698,0
DA:700,0
DA:705,0
DA:706,0
DA:707,0
DA:708,0
DA:712,0
DA:714,0
DA:716,0
DA:721,0
DA:722,0
DA:723,0
DA:724,0
DA:733,0
DA:734,0
DA:735,0
DA:747,1
DA:752,1
DA:754,1
DA:756,1
DA:757,4
DA:758,1
DA:760,2
DA:762,2
DA:763,1
DA:766,1
DA:767,1
DA:769,1
DA:780,0
DA:781,0
DA:783,0
DA:784,0
DA:785,0
DA:788,0
DA:789,0
DA:790,0
DA:794,0
DA:795,0
DA:796,0
DA:797,0
DA:800,0
DA:801,0
DA:802,0
DA:805,0
DA:806,0
DA:809,0
DA:810,0
DA:811,0
DA:812,0
DA:814,0
DA:815,0
DA:819,0
DA:820,0
DA:821,0
DA:823,0
DA:824,0
DA:828,0
DA:829,0
DA:830,0
DA:833,0
DA:834,0
DA:840,0
DA:841,0
DA:843,0
DA:844,0
DA:845,0
DA:849,0
DA:850,0
DA:851,0
DA:852,0
DA:855,0
DA:856,0
DA:857,0
DA:860,0
DA:861,0
DA:864,0
DA:865,0
DA:866,0
DA:873,0
DA:874,0
DA:876,0
DA:877,0
DA:878,0
DA:889,0
DA:891,0
DA:893,0
DA:897,0
DA:898,0
DA:899,0
DA:901,0
DA:903,0
DA:904,0
DA:905,0
DA:906,0
DA:908,0
DA:911,0
DA:913,0
DA:921,0
DA:922,0
DA:923,0
DA:926,0
DA:927,0
DA:928,0
DA:932,0
DA:933,0
DA:936,0
DA:937,0
LF:344
LH:186
end_of_record
SF:lib/pages/admin_daucomps/admin_daucomps_edit_form.dart
DA:20,1
DA:35,1
DA:37,1
DA:38,1
DA:39,1
DA:41,1
DA:42,1
DA:43,1
DA:44,1
DA:45,1
DA:49,1
DA:50,1
DA:51,1
DA:52,0
DA:53,0
DA:56,2
DA:57,1
DA:61,1
DA:62,1
DA:63,1
DA:68,0
DA:69,0
DA:82,1
DA:83,1
DA:84,1
DA:85,1
DA:91,1
DA:92,0
DA:93,0
DA:106,1
DA:107,1
DA:108,1
DA:109,1
DA:115,1
DA:116,0
DA:117,0
DA:126,1
DA:127,1
DA:132,1
DA:133,1
DA:134,1
DA:139,0
DA:140,0
DA:141,0
DA:144,0
DA:145,0
DA:146,0
DA:149,0
DA:151,0
DA:152,0
DA:155,0
DA:156,0
DA:158,0
DA:167,1
DA:169,0
DA:170,0
DA:171,0
DA:176,1
DA:177,1
DA:182,1
DA:183,1
DA:184,1
DA:189,0
DA:190,0
DA:191,0
DA:194,0
DA:195,0
DA:196,0
DA:199,0
DA:201,0
DA:202,0
DA:205,0
DA:206,0
DA:208,0
DA:217,1
DA:219,0
DA:220,0
DA:221,0
DA:227,1
LF:79
LH:41
end_of_record
SF:lib/pages/admin_daucomps/admin_daucomps_edit_datetimepickerfield.dart
DA:12,1
DA:22,1
DA:24,1
DA:25,1
DA:26,1
DA:28,1
DA:31,0
DA:32,0
DA:33,0
DA:35,0
DA:36,0
DA:37,0
DA:40,0
DA:41,0
DA:43,0
DA:46,0
DA:47,0
DA:48,0
DA:49,0
DA:50,0
DA:51,0
DA:53,0
DA:54,0
DA:55,0
LF:24
LH:6
end_of_record
SF:lib/pages/user_home/user_home_avatar.dart
DA:4,1
DA:11,1
DA:12,1
DA:13,1
DA:15,2
DA:18,1
DA:19,1
DA:20,3
DA:22,1
DA:25,0
DA:26,0
DA:27,0
DA:31,1
DA:32,1
DA:34,1
DA:36,1
DA:41,1
DA:43,1
DA:44,1
DA:46,2
DA:52,1
DA:54,2
DA:56,0
LF:23
LH:19
end_of_record
