SF:lib/models/crowdsourcedscore.dart
DA:9,3
DA:18,0
DA:19,0
DA:20,0
DA:21,0
DA:22,0
DA:23,0
DA:24,0
DA:29,1
DA:30,1
DA:31,2
DA:32,2
DA:33,1
DA:34,1
DA:35,1
LF:15
LH:8
end_of_record
SF:lib/models/daucomp.dart
DA:26,14
DA:44,1
DA:48,2
DA:49,1
DA:50,1
DA:51,3
DA:52,2
DA:53,1
DA:61,1
DA:66,2
DA:67,2
DA:68,2
DA:69,1
DA:75,1
DA:76,0
DA:77,0
DA:78,0
DA:79,0
DA:89,2
DA:93,4
DA:96,4
DA:97,4
DA:100,4
DA:101,0
DA:102,4
DA:103,1
DA:104,2
DA:106,4
DA:107,2
DA:108,4
DA:109,1
DA:110,1
DA:113,8
DA:121,1
DA:122,2
DA:125,2
DA:126,5
DA:127,5
DA:137,1
DA:142,1
DA:144,1
DA:145,2
DA:146,2
DA:148,1
DA:149,0
DA:151,1
DA:152,2
DA:154,1
DA:155,0
DA:157,2
DA:158,2
DA:162,0
DA:164,0
DA:165,0
DA:166,0
DA:168,0
DA:170,0
DA:171,0
DA:180,0
DA:183,0
DA:186,0
DA:190,0
DA:191,0
DA:192,0
DA:193,0
DA:194,0
DA:195,0
DA:196,0
DA:197,0
DA:198,0
DA:199,0
DA:200,0
DA:203,0
DA:205,0
DA:206,0
DA:207,0
DA:208,0
DA:209,0
DA:210,0
DA:211,0
LF:80
LH:44
end_of_record
SF:lib/models/dauround.dart
DA:29,16
DA:38,3
DA:39,3
DA:41,6
DA:42,6
DA:43,3
DA:44,0
DA:46,3
DA:47,0
DA:53,3
DA:54,6
DA:58,1
DA:59,2
DA:63,2
DA:64,12
DA:67,1
DA:70,3
DA:73,3
DA:76,1
DA:77,3
DA:78,0
DA:79,0
DA:80,0
DA:81,0
DA:84,0
DA:86,0
DA:87,0
DA:88,0
DA:89,0
DA:90,0
LF:30
LH:18
end_of_record
SF:lib/models/game.dart
DA:32,15
DA:46,6
DA:47,12
DA:48,12
DA:49,9
DA:53,18
DA:54,6
DA:55,8
DA:56,8
DA:63,1
DA:64,2
DA:65,2
DA:69,0
DA:70,0
DA:75,1
DA:76,2
DA:79,1
DA:80,1
DA:81,1
DA:83,2
DA:84,2
DA:87,0
DA:88,0
DA:92,0
DA:93,0
DA:94,0
DA:95,0
DA:96,0
DA:97,0
DA:98,0
DA:99,0
DA:100,0
DA:101,0
DA:107,2
DA:108,2
DA:109,3
DA:110,3
DA:111,1
DA:113,5
DA:114,1
DA:115,1
DA:116,3
DA:117,3
DA:120,1
DA:127,2
DA:128,1
DA:130,8
DA:134,1
DA:135,2
DA:136,1
DA:137,1
DA:141,3
DA:146,9
DA:148,9
DA:149,0
DA:150,9
DA:153,3
DA:156,5
LF:58
LH:43
end_of_record
SF:lib/models/league.dart
DA:6,0
DA:8,0
DA:10,0
DA:17,4
DA:19,4
DA:21,2
DA:28,0
DA:30,0
DA:32,0
LF:9
LH:3
end_of_record
SF:lib/view_models/daucomps_viewmodel.dart
DA:37,0
DA:43,0
DA:48,0
DA:51,0
DA:52,0
DA:55,1
DA:56,1
DA:59,0
DA:62,0
DA:63,0
DA:66,9
DA:69,0
DA:72,0
DA:80,0
DA:102,6
DA:112,6
DA:113,12
DA:114,6
DA:115,6
DA:116,0
DA:118,6
DA:119,18
DA:122,0
DA:127,4
DA:129,4
DA:132,3
DA:134,6
DA:135,6
DA:140,0
DA:141,0
DA:142,0
DA:144,0
DA:145,0
DA:147,0
DA:148,0
DA:151,0
DA:153,0
DA:154,0
DA:155,0
DA:157,0
DA:162,0
DA:166,0
DA:169,0
DA:170,0
DA:171,0
DA:173,0
DA:177,0
DA:180,0
DA:181,0
DA:185,0
DA:188,0
DA:189,0
DA:190,0
DA:192,0
DA:193,0
DA:194,0
DA:195,0
DA:196,0
DA:197,0
DA:198,0
DA:199,0
DA:200,0
DA:202,0
DA:204,0
DA:205,0
DA:206,0
DA:209,0
DA:211,0
DA:212,0
DA:214,0
DA:218,0
DA:219,0
DA:222,0
DA:226,0
DA:230,0
DA:233,0
DA:236,0
DA:237,0
DA:240,0
DA:241,0
DA:242,0
DA:245,0
DA:246,0
DA:249,0
DA:250,0
DA:251,0
DA:258,0
DA:260,0
DA:263,0
DA:264,0
DA:268,0
DA:269,0
DA:271,0
DA:272,0
DA:273,0
DA:274,0
DA:275,0
DA:276,0
DA:278,0
DA:279,0
DA:280,0
DA:281,0
DA:283,0
DA:288,0
DA:289,0
DA:291,0
DA:293,0
DA:294,0
DA:295,0
DA:297,0
DA:298,0
DA:299,0
DA:302,0
DA:303,0
DA:304,0
DA:305,0
DA:306,0
DA:309,0
DA:310,0
DA:312,0
DA:313,0
DA:314,0
DA:316,0
DA:317,0
DA:320,0
DA:321,0
DA:324,0
DA:326,0
DA:327,0
DA:328,0
DA:329,0
DA:330,0
DA:332,0
DA:336,0
DA:339,0
DA:340,0
DA:342,0
DA:343,0
DA:347,0
DA:348,0
DA:349,0
DA:352,0
DA:353,0
DA:356,0
DA:357,0
DA:360,0
DA:362,0
DA:372,0
DA:373,0
DA:374,0
DA:376,0
DA:378,0
DA:380,0
DA:381,0
DA:385,0
DA:390,0
DA:394,0
DA:395,0
DA:396,0
DA:398,0
DA:401,0
DA:402,0
DA:403,0
DA:406,0
DA:407,0
DA:409,0
DA:410,0
DA:411,0
DA:412,0
DA:413,0
DA:415,0
DA:419,0
DA:425,0
DA:426,0
DA:427,0
DA:428,0
DA:429,0
DA:430,0
DA:431,0
DA:432,0
DA:433,0
DA:434,0
DA:439,0
DA:440,0
DA:443,0
DA:444,0
DA:446,0
DA:447,0
DA:449,0
DA:450,0
DA:452,0
DA:456,0
DA:457,0
DA:458,0
DA:460,0
DA:461,0
DA:462,0
DA:464,0
DA:466,0
DA:468,0
DA:469,0
DA:470,0
DA:471,0
DA:472,0
DA:483,0
DA:488,0
DA:489,0
DA:491,0
DA:492,0
DA:494,0
DA:495,0
DA:500,0
DA:504,0
DA:507,0
DA:508,0
DA:511,0
DA:515,0
DA:519,0
DA:520,0
DA:522,0
DA:528,0
DA:529,0
DA:533,0
DA:535,3
DA:536,3
DA:539,3
DA:542,3
DA:543,0
DA:546,3
DA:547,3
DA:551,6
DA:552,9
DA:555,6
DA:556,9
DA:559,6
DA:560,6
DA:562,12
DA:564,0
DA:566,3
DA:567,3
DA:571,0
DA:572,0
DA:573,0
DA:576,1
DA:582,1
DA:583,1
DA:585,4
DA:589,1
DA:594,1
DA:595,1
DA:597,3
DA:600,0
DA:601,0
DA:602,0
DA:603,0
DA:604,0
DA:605,0
DA:606,0
DA:607,0
DA:608,0
DA:609,0
DA:615,0
DA:617,0
DA:618,0
DA:621,0
DA:622,0
DA:623,0
DA:624,0
DA:627,0
DA:628,0
DA:629,0
DA:632,2
DA:633,2
DA:634,2
DA:636,2
DA:637,4
DA:638,4
DA:639,2
DA:641,1
DA:645,2
DA:646,2
DA:648,2
DA:651,0
DA:652,0
DA:658,0
DA:660,0
DA:663,0
DA:664,0
DA:667,0
DA:669,0
DA:670,0
DA:673,0
DA:674,0
DA:676,0
DA:677,0
DA:679,0
DA:683,1
DA:685,2
DA:686,3
DA:688,0
DA:689,0
DA:694,1
DA:698,1
DA:699,2
DA:703,1
DA:706,2
DA:707,3
DA:708,2
DA:711,1
DA:712,2
DA:715,1
DA:716,1
DA:723,1
DA:724,1
DA:725,3
DA:734,2
DA:737,6
DA:738,1
DA:739,0
DA:741,1
DA:743,1
DA:744,2
DA:745,0
DA:746,0
DA:749,1
DA:757,2
DA:758,1
DA:759,4
DA:762,1
DA:763,2
DA:768,0
DA:774,0
DA:776,0
DA:786,0
DA:787,0
DA:788,0
DA:789,0
DA:794,0
DA:796,0
DA:797,0
DA:800,0
DA:801,0
DA:805,0
DA:806,0
DA:808,0
DA:811,0
DA:814,0
DA:818,0
DA:819,0
DA:821,0
DA:822,0
DA:829,0
DA:830,0
DA:831,0
DA:835,0
DA:836,0
DA:840,0
DA:841,0
DA:844,0
DA:845,0
DA:848,0
DA:849,0
DA:852,0
DA:853,0
DA:863,0
DA:864,0
DA:865,0
DA:866,0
DA:867,0
DA:869,0
DA:872,0
DA:873,0
DA:874,0
DA:875,0
DA:877,0
DA:881,0
DA:882,0
DA:889,0
DA:896,0
DA:897,0
DA:899,0
LF:381
LH:78
end_of_record
SF:lib/models/scoring.dart
DA:7,1
DA:9,1
DA:10,0
DA:11,1
DA:13,0
DA:15,0
DA:17,0
DA:18,0
DA:19,0
DA:24,0
DA:26,0
DA:27,0
DA:28,0
DA:29,0
DA:30,0
DA:32,0
DA:33,0
DA:34,0
DA:35,0
DA:36,0
DA:41,1
DA:43,1
DA:44,0
DA:45,1
DA:47,0
DA:49,0
DA:51,0
DA:52,0
DA:53,0
DA:58,0
DA:60,0
DA:61,0
DA:62,0
DA:63,0
DA:64,0
DA:66,0
DA:67,0
DA:68,0
DA:69,0
DA:70,0
DA:82,10
DA:84,2
DA:89,2
DA:90,0
DA:91,0
DA:92,2
DA:96,4
DA:98,4
DA:99,4
DA:100,4
DA:105,3
DA:107,1
DA:108,4
DA:109,1
DA:110,1
DA:111,5
DA:112,2
DA:118,0
DA:119,0
DA:120,0
DA:125,0
DA:126,0
DA:127,0
DA:132,4
DA:133,4
DA:134,4
DA:138,1
DA:142,1
DA:148,4
DA:149,12
DA:151,12
DA:153,4
DA:155,2
DA:160,2
DA:161,6
DA:163,6
DA:165,2
DA:167,1
DA:178,0
DA:179,0
DA:180,0
DA:181,0
DA:182,0
DA:187,1
DA:188,1
DA:189,1
DA:190,1
DA:191,1
DA:192,1
DA:193,1
DA:194,2
DA:195,3
DA:196,1
DA:202,1
DA:207,1
DA:208,1
DA:213,1
DA:216,1
DA:221,1
DA:224,1
DA:232,1
DA:233,1
DA:240,1
DA:241,1
DA:248,1
DA:258,1
DA:259,1
DA:264,1
DA:267,1
DA:272,1
DA:275,1
DA:283,1
DA:284,1
DA:291,1
DA:292,1
DA:299,1
DA:310,1
DA:311,2
DA:312,1
DA:313,2
LF:120
LH:73
end_of_record
SF:lib/models/scoring_gamestats.dart
DA:10,1
DA:19,2
DA:22,2
DA:23,2
DA:24,2
DA:25,2
DA:28,2
DA:32,1
DA:33,2
DA:36,1
DA:40,1
DA:41,3
DA:42,3
DA:43,3
DA:44,3
DA:45,3
DA:46,3
DA:49,1
DA:51,3
DA:52,3
DA:53,3
DA:54,3
DA:55,3
DA:56,2
DA:60,1
DA:61,1
DA:62,1
DA:63,1
DA:64,1
DA:65,1
DA:66,1
DA:67,1
DA:72,1
DA:73,1
DA:74,2
DA:75,2
DA:76,2
DA:77,2
DA:78,2
DA:79,2
LF:40
LH:40
end_of_record
SF:lib/models/team.dart
DA:12,16
DA:19,1
DA:20,1
DA:22,1
DA:23,2
DA:24,2
DA:27,1
DA:28,5
DA:31,0
DA:32,0
DA:33,0
DA:34,0
DA:35,0
DA:43,0
DA:44,0
DA:45,0
DA:46,0
DA:47,0
DA:55,1
DA:58,3
LF:20
LH:10
end_of_record
SF:lib/models/ladder_team.dart
DA:16,2
DA:32,2
DA:33,4
DA:34,2
DA:35,0
DA:37,1
DA:38,2
DA:41,10
LF:8
LH:7
end_of_record
SF:lib/models/league_ladder.dart
DA:8,2
DA:11,0
DA:12,0
DA:13,0
DA:14,0
DA:16,0
DA:17,0
DA:18,0
DA:19,0
DA:20,0
DA:21,0
DA:22,0
DA:24,0
DA:28,2
DA:29,6
DA:31,8
DA:32,6
DA:35,8
DA:36,3
DA:39,4
DA:40,3
DA:43,3
DA:47,8
DA:48,8
LF:24
LH:12
end_of_record
SF:lib/models/scoring_leaderboard.dart
DA:21,0
DA:37,0
DA:38,0
DA:39,0
DA:40,0
DA:41,0
DA:42,0
DA:43,0
DA:44,0
DA:45,0
DA:46,0
DA:47,0
DA:48,0
DA:49,0
DA:50,0
LF:15
LH:0
end_of_record
SF:lib/models/tipper.dart
DA:19,1
DA:33,0
DA:34,0
DA:36,0
DA:37,0
DA:38,0
DA:39,0
DA:40,0
DA:41,0
DA:43,0
DA:44,0
DA:45,0
DA:46,0
DA:47,0
DA:48,0
DA:50,0
DA:51,0
DA:53,0
DA:57,0
DA:59,0
DA:65,0
DA:66,0
DA:70,0
DA:71,0
DA:73,0
DA:74,0
DA:75,0
DA:77,0
DA:78,0
DA:83,0
DA:84,0
DA:85,0
DA:86,0
DA:87,0
DA:88,0
DA:89,0
DA:90,0
DA:91,0
DA:92,0
DA:93,0
DA:94,0
DA:98,1
DA:102,0
DA:105,0
DA:106,0
DA:107,0
DA:108,0
DA:111,0
DA:114,0
DA:115,0
LF:50
LH:2
end_of_record
SF:lib/models/scoring_roundstats.dart
DA:17,1
DA:33,1
DA:34,1
DA:36,1
DA:37,1
DA:38,1
DA:39,1
DA:40,1
DA:41,1
DA:42,1
DA:43,1
DA:44,1
DA:45,1
DA:46,1
DA:50,1
DA:51,1
DA:52,1
DA:53,1
DA:54,1
DA:55,1
DA:56,1
DA:57,1
DA:58,1
DA:59,1
DA:60,1
DA:63,1
DA:64,1
DA:68,1
DA:69,1
DA:70,1
DA:71,1
DA:72,1
DA:73,1
DA:74,1
DA:75,1
DA:76,1
DA:77,1
DA:78,1
DA:79,1
DA:80,1
DA:81,1
DA:86,1
DA:90,1
DA:91,3
DA:92,3
DA:93,3
DA:94,3
DA:95,3
DA:96,3
DA:97,3
DA:98,3
DA:99,3
DA:100,3
DA:101,3
DA:104,1
DA:106,3
DA:107,3
DA:108,3
DA:109,3
DA:110,3
DA:111,3
DA:112,3
DA:113,3
DA:114,3
DA:115,3
DA:116,2
LF:66
LH:66
end_of_record
SF:lib/models/scoring_roundwinners.dart
DA:18,0
LF:1
LH:0
end_of_record
SF:lib/models/team_game_history_item.dart
DA:15,0
LF:1
LH:0
end_of_record
SF:lib/models/tip.dart
DA:14,1
DA:22,1
DA:23,2
DA:24,1
DA:27,1
DA:28,1
DA:33,1
DA:34,2
DA:36,1
DA:37,2
DA:38,1
DA:40,2
DA:41,1
DA:43,1
DA:45,0
DA:47,1
DA:50,0
DA:52,1
DA:56,1
DA:57,1
DA:59,2
DA:61,3
DA:65,1
DA:66,3
DA:67,6
DA:69,6
DA:73,0
DA:74,0
DA:75,0
DA:76,0
DA:77,0
DA:81,0
DA:82,0
DA:83,0
DA:84,0
DA:85,0
DA:89,1
DA:93,1
DA:94,3
DA:95,5
DA:96,5
DA:97,3
DA:98,3
DA:101,1
DA:103,3
DA:104,4
DA:105,4
DA:106,3
DA:107,2
DA:110,1
DA:113,3
LF:51
LH:39
end_of_record
SF:lib/repositories/daucomps_repository.dart
DA:11,6
DA:13,0
DA:15,0
DA:17,0
DA:20,0
DA:22,0
DA:25,0
DA:27,0
LF:8
LH:1
end_of_record
SF:lib/services/analytics_service.dart
DA:9,6
DA:11,0
DA:13,0
DA:14,0
LF:4
LH:1
end_of_record
SF:lib/services/combined_rounds_persistence.dart
DA:7,4
DA:9,1
DA:15,1
DA:16,3
DA:17,3
DA:18,5
DA:19,3
DA:20,5
DA:24,4
DA:25,5
DA:26,3
LF:11
LH:11
end_of_record
SF:lib/services/combined_rounds_service.dart
DA:5,2
DA:8,2
DA:10,2
DA:11,6
DA:15,2
DA:19,8
DA:20,4
DA:22,8
DA:23,4
DA:24,2
DA:27,2
DA:30,2
DA:31,4
DA:32,4
DA:33,4
DA:34,2
DA:35,4
DA:36,4
DA:37,2
DA:40,4
DA:41,2
DA:42,3
DA:43,2
DA:44,1
DA:46,1
DA:47,4
DA:48,3
DA:55,2
DA:58,2
DA:59,4
DA:62,8
DA:64,4
DA:65,2
DA:66,4
DA:67,2
DA:68,2
DA:70,2
DA:72,1
DA:73,3
DA:79,2
DA:82,3
DA:83,2
DA:84,1
DA:90,2
DA:93,2
DA:94,4
DA:96,4
DA:98,4
DA:100,2
DA:101,2
DA:102,2
DA:103,4
DA:110,1
DA:111,2
DA:112,1
DA:113,1
DA:115,1
DA:116,2
DA:118,0
DA:120,1
DA:121,1
DA:122,2
DA:133,4
DA:134,6
DA:137,6
DA:144,2
DA:145,2
DA:146,2
DA:148,2
DA:149,2
DA:150,2
DA:151,2
LF:72
LH:71
end_of_record
SF:lib/services/daucomps_rounds_parser.dart
DA:6,5
DA:8,2
DA:9,2
DA:10,2
DA:11,2
DA:12,6
DA:13,2
DA:14,2
DA:15,4
DA:16,2
DA:24,2
DA:25,3
DA:26,2
DA:27,4
DA:28,3
DA:29,0
DA:30,1
DA:35,2
DA:36,2
DA:38,10
LF:20
LH:19
end_of_record
SF:lib/services/daucomps_snapshot_applier.dart
DA:12,5
DA:18,4
DA:21,1
DA:26,1
DA:30,1
DA:31,7
DA:36,2
DA:37,1
DA:38,1
DA:39,1
DA:42,2
DA:43,2
DA:44,2
DA:46,1
DA:47,1
DA:48,1
DA:50,1
DA:51,1
DA:55,1
DA:56,1
DA:58,1
DA:63,5
DA:64,2
DA:65,1
DA:68,3
DA:71,1
DA:72,9
DA:75,1
DA:77,3
DA:78,0
DA:81,3
DA:82,0
DA:85,3
DA:86,0
DA:90,2
DA:94,1
DA:96,4
DA:97,4
DA:99,2
DA:100,1
DA:101,1
DA:102,2
DA:106,2
DA:111,6
DA:112,1
DA:113,0
DA:118,6
DA:123,1
DA:125,3
DA:126,0
DA:129,3
DA:130,0
DA:133,3
DA:134,0
DA:137,3
DA:138,0
LF:56
LH:48
end_of_record
SF:lib/services/firebase_messaging_service.dart
DA:16,0
DA:22,0
DA:26,0
DA:27,0
DA:29,0
DA:30,0
DA:33,0
DA:35,0
DA:36,0
DA:40,0
DA:41,0
DA:42,0
DA:43,0
DA:47,0
DA:48,0
DA:53,0
DA:56,0
DA:58,0
DA:59,0
DA:60,0
DA:61,0
DA:63,0
DA:66,0
DA:69,0
DA:70,0
DA:71,0
DA:72,0
DA:73,0
DA:75,0
DA:78,0
DA:85,0
DA:87,0
DA:91,0
DA:92,0
DA:93,0
DA:94,0
DA:95,0
DA:96,0
DA:97,0
DA:98,0
DA:99,0
DA:100,0
DA:101,0
DA:102,0
DA:103,0
DA:104,0
DA:105,0
DA:106,0
DA:107,0
DA:111,0
DA:112,0
DA:115,0
DA:119,0
DA:121,0
DA:123,0
DA:125,0
DA:128,0
DA:132,0
DA:135,0
DA:136,0
DA:139,0
DA:142,0
DA:146,0
DA:147,0
DA:153,0
DA:154,0
DA:160,0
DA:161,0
LF:68
LH:0
end_of_record
SF:lib/view_models/tippers_viewmodel.dart
DA:20,0
DA:23,0
DA:26,0
DA:27,0
DA:28,0
DA:33,0
DA:35,0
DA:42,0
DA:45,0
DA:48,0
DA:55,0
DA:56,0
DA:57,0
DA:61,0
DA:62,0
DA:63,0
DA:65,0
DA:70,0
DA:71,0
DA:72,0
DA:73,0
DA:75,0
DA:76,0
DA:77,0
DA:78,0
DA:81,0
DA:83,0
DA:84,0
DA:87,0
DA:91,0
DA:92,0
DA:94,0
DA:97,0
DA:98,0
DA:99,0
DA:100,0
DA:101,0
DA:102,0
DA:103,0
DA:104,0
DA:107,0
DA:112,0
DA:113,0
DA:114,0
DA:117,0
DA:118,0
DA:121,0
DA:124,0
DA:128,0
DA:129,0
DA:133,0
DA:137,0
DA:138,0
DA:140,0
DA:143,0
DA:144,0
DA:146,0
DA:149,0
DA:154,0
DA:155,0
DA:158,0
DA:159,0
DA:163,0
DA:166,0
DA:173,0
DA:175,0
DA:176,0
DA:177,0
DA:178,0
DA:181,0
DA:183,0
DA:184,0
DA:189,0
DA:191,0
DA:192,0
DA:195,0
DA:196,0
DA:200,0
DA:202,0
DA:203,0
DA:207,0
DA:208,0
DA:209,0
DA:210,0
DA:212,0
DA:213,0
DA:216,0
DA:219,0
DA:220,0
DA:221,0
DA:222,0
DA:224,0
DA:225,0
DA:227,0
DA:230,0
DA:231,0
DA:232,0
DA:233,0
DA:235,0
DA:236,0
DA:238,0
DA:242,0
DA:243,0
DA:244,0
DA:245,0
DA:247,0
DA:248,0
DA:250,0
DA:253,0
DA:254,0
DA:256,0
DA:257,0
DA:259,0
DA:260,0
DA:261,0
DA:267,0
DA:272,0
DA:276,0
DA:279,0
DA:280,0
DA:284,0
DA:287,0
DA:292,0
DA:293,0
DA:298,0
DA:301,0
DA:308,0
DA:309,0
DA:310,0
DA:311,0
DA:314,0
DA:321,0
DA:326,0
DA:328,0
DA:329,0
DA:334,0
DA:336,0
DA:338,0
DA:343,0
DA:347,0
DA:348,0
DA:351,0
DA:352,0
DA:354,0
DA:356,0
DA:358,0
DA:359,0
DA:361,0
DA:364,0
DA:369,0
DA:370,0
DA:375,0
DA:376,0
DA:377,0
DA:379,0
DA:383,0
DA:384,0
DA:385,0
DA:386,0
DA:388,0
DA:392,0
DA:393,0
DA:394,0
DA:395,0
DA:397,0
DA:401,0
DA:404,0
DA:408,0
DA:409,0
DA:415,0
DA:416,0
DA:419,0
DA:420,0
DA:421,0
DA:426,0
DA:429,0
DA:430,0
DA:433,0
DA:434,0
DA:435,0
DA:437,0
DA:438,0
DA:439,0
DA:440,0
DA:445,0
DA:446,0
DA:450,0
DA:451,0
DA:454,0
DA:455,0
DA:460,0
DA:465,0
DA:466,0
DA:467,0
DA:469,0
DA:480,0
DA:487,0
DA:488,0
DA:491,0
DA:492,0
DA:496,0
DA:500,0
DA:502,0
DA:508,0
DA:513,0
DA:514,0
DA:521,0
DA:522,0
DA:524,0
DA:526,0
DA:527,0
DA:528,0
DA:533,0
DA:534,0
DA:537,0
DA:538,0
DA:540,0
DA:542,0
DA:543,0
DA:544,0
DA:547,0
DA:552,0
DA:559,0
DA:561,0
DA:564,0
DA:565,0
DA:571,0
DA:573,0
DA:575,0
DA:579,0
DA:582,0
DA:584,0
DA:585,0
DA:586,0
DA:587,0
DA:592,0
DA:593,0
DA:594,0
DA:596,0
DA:602,0
DA:605,0
DA:606,0
DA:609,0
DA:610,0
DA:616,0
DA:617,0
DA:619,0
DA:620,0
DA:625,0
DA:627,0
DA:630,0
DA:632,0
DA:634,0
DA:637,0
DA:638,0
DA:639,0
DA:640,0
DA:644,0
DA:647,0
DA:648,0
DA:653,0
DA:659,0
DA:661,0
DA:665,0
DA:669,0
DA:672,0
DA:673,0
DA:674,0
DA:675,0
DA:676,0
DA:677,0
DA:679,0
DA:686,0
DA:688,0
DA:692,0
DA:696,0
DA:699,0
DA:700,0
DA:705,0
DA:710,0
DA:715,0
DA:716,0
DA:717,0
DA:718,0
DA:719,0
DA:720,0
DA:721,0
DA:724,0
DA:725,0
DA:726,0
DA:727,0
DA:728,0
DA:729,0
DA:735,0
DA:737,0
DA:738,0
DA:741,0
DA:742,0
DA:743,0
DA:746,0
DA:747,0
DA:750,0
DA:753,0
DA:757,0
DA:758,0
DA:762,0
DA:766,0
DA:767,0
DA:769,0
DA:772,0
DA:773,0
DA:775,0
DA:777,0
LF:313
LH:0
end_of_record
SF:lib/services/fixture_download_service.dart
DA:11,0
DA:12,0
DA:13,0
DA:15,0
DA:16,0
DA:17,0
DA:19,0
DA:20,0
DA:28,7
DA:31,1
DA:35,1
DA:40,1
DA:41,1
DA:42,1
DA:47,1
DA:49,0
DA:50,0
DA:53,1
DA:54,1
DA:57,1
DA:58,2
DA:61,1
DA:62,1
DA:63,1
DA:67,1
DA:70,1
DA:71,1
DA:75,4
DA:77,1
DA:80,1
DA:82,4
DA:84,1
DA:88,1
DA:89,1
DA:92,1
DA:98,0
DA:101,0
DA:102,0
DA:106,0
DA:107,0
DA:111,0
DA:114,0
DA:116,0
DA:117,0
DA:121,0
DA:125,0
DA:126,0
DA:129,0
LF:48
LH:25
end_of_record
SF:lib/services/fixture_import_applier.dart
DA:10,1
DA:14,4
DA:16,1
DA:17,1
DA:19,1
DA:20,2
DA:22,7
DA:23,1
DA:24,1
DA:27,1
DA:33,1
DA:34,1
DA:38,1
DA:39,2
DA:40,1
DA:41,1
DA:46,1
DA:47,2
DA:48,1
DA:49,1
LF:20
LH:20
end_of_record
SF:lib/services/fixture_update_coordinator.dart
DA:8,5
DA:14,0
DA:16,1
DA:21,2
DA:28,1
DA:42,2
DA:45,2
DA:47,2
DA:53,1
DA:56,1
DA:58,2
DA:59,1
DA:64,1
DA:65,1
LF:14
LH:13
end_of_record
SF:lib/services/fixture_update_policy.dart
DA:5,4
DA:7,2
DA:14,2
DA:18,2
DA:24,2
DA:26,8
LF:6
LH:6
end_of_record
SF:lib/services/fixture_update_service.dart
DA:14,6
DA:16,0
DA:24,0
DA:29,0
DA:31,0
DA:32,0
DA:33,0
DA:36,0
DA:37,0
DA:38,0
DA:40,0
DA:41,0
LF:12
LH:1
end_of_record
SF:lib/services/ladder_calculation_service.dart
DA:10,2
DA:19,4
DA:20,1
DA:25,8
DA:26,2
DA:29,2
DA:30,10
DA:31,10
DA:35,4
DA:36,2
DA:37,4
DA:38,4
DA:39,4
DA:40,2
DA:41,2
DA:42,4
DA:43,4
DA:46,6
DA:47,4
DA:48,4
DA:49,2
DA:52,4
DA:54,6
DA:55,2
DA:58,4
DA:63,2
DA:64,4
DA:65,4
DA:66,6
DA:67,2
DA:68,2
DA:69,2
DA:75,2
DA:76,8
DA:77,4
DA:78,2
DA:80,4
DA:81,6
DA:82,6
DA:84,2
DA:85,3
DA:86,1
DA:88,2
DA:89,2
DA:96,4
DA:97,4
DA:98,2
DA:99,4
DA:100,4
DA:101,2
DA:103,4
DA:104,6
DA:105,6
DA:111,4
DA:112,4
DA:114,8
DA:115,8
DA:116,8
DA:117,8
DA:119,10
DA:120,4
DA:121,4
DA:122,2
DA:123,2
DA:125,4
DA:127,10
DA:128,4
DA:129,4
DA:130,2
DA:131,2
DA:133,4
DA:136,4
DA:137,4
DA:138,2
DA:139,2
DA:140,2
DA:142,4
DA:143,4
DA:149,4
DA:150,2
DA:153,4
DA:154,2
DA:158,2
DA:160,4
DA:161,10
LF:85
LH:85
end_of_record
SF:lib/services/lock_manager.dart
DA:4,5
DA:6,1
DA:7,1
DA:9,1
DA:11,2
LF:5
LH:5
end_of_record
SF:lib/services/messaging_service.dart
DA:11,0
DA:13,0
DA:14,0
DA:19,0
LF:4
LH:0
end_of_record
SF:lib/services/rounds_linking_service.dart
DA:6,4
DA:8,4
DA:15,8
DA:16,4
DA:18,28
DA:19,28
DA:24,20
DA:26,17
DA:29,7
DA:30,6
DA:31,4
DA:33,6
DA:34,6
DA:42,4
DA:43,8
DA:44,2
DA:47,12
DA:48,8
DA:49,6
DA:50,20
DA:52,2
DA:54,4
DA:56,0
LF:23
LH:22
end_of_record
SF:lib/services/scoring_update_queue.dart
DA:21,0
DA:27,0
DA:31,0
DA:32,0
DA:33,0
DA:34,0
DA:35,0
DA:39,0
DA:40,0
DA:41,0
DA:42,0
DA:43,0
DA:44,0
DA:45,0
DA:48,0
DA:51,0
DA:52,0
DA:54,0
DA:55,0
DA:60,0
DA:61,0
DA:62,0
DA:70,0
DA:76,0
DA:77,0
DA:85,0
DA:88,0
DA:90,0
DA:93,0
DA:94,0
DA:98,0
DA:99,0
DA:103,0
DA:104,0
DA:107,0
DA:108,0
DA:109,0
DA:110,0
DA:113,0
DA:114,0
DA:118,0
DA:120,0
DA:123,0
DA:124,0
DA:127,0
DA:128,0
DA:131,0
DA:132,0
DA:134,0
DA:135,0
DA:136,0
DA:140,0
DA:141,0
DA:142,0
DA:144,0
DA:145,0
DA:150,0
DA:151,0
DA:153,0
DA:154,0
DA:155,0
DA:156,0
DA:159,0
DA:160,0
DA:161,0
DA:164,0
DA:165,0
DA:168,0
DA:169,0
DA:171,0
DA:172,0
DA:177,0
DA:180,0
DA:181,0
DA:186,0
DA:187,0
DA:188,0
DA:189,0
DA:190,0
DA:191,0
DA:192,0
DA:193,0
DA:194,0
DA:197,0
DA:201,0
DA:202,0
DA:205,0
DA:206,0
DA:207,0
DA:211,0
DA:212,0
DA:213,0
DA:214,0
LF:93
LH:0
end_of_record
SF:lib/view_models/stats_viewmodel.dart
DA:39,0
DA:40,0
DA:51,0
DA:54,0
DA:55,0
DA:58,0
DA:59,0
DA:62,0
DA:65,0
DA:70,0
DA:76,0
DA:77,0
DA:78,0
DA:81,0
DA:83,0
DA:88,0
DA:90,0
DA:93,0
DA:94,0
DA:95,0
DA:96,0
DA:97,0
DA:98,0
DA:99,0
DA:100,0
DA:104,0
DA:105,0
DA:106,0
DA:107,0
DA:108,0
DA:109,0
DA:110,0
DA:115,0
DA:117,0
DA:118,0
DA:120,0
DA:121,0
DA:122,0
DA:125,0
DA:126,0
DA:127,0
DA:128,0
DA:129,0
DA:130,0
DA:131,0
DA:135,0
DA:137,0
DA:138,0
DA:146,0
DA:148,0
DA:151,0
DA:152,0
DA:155,0
DA:156,0
DA:160,0
DA:161,0
DA:165,0
DA:167,0
DA:168,0
DA:169,0
DA:170,0
DA:178,0
DA:179,0
DA:180,0
DA:186,0
DA:189,0
DA:191,0
DA:195,0
DA:196,0
DA:198,0
DA:199,0
DA:203,0
DA:206,0
DA:208,0
DA:211,0
DA:212,0
DA:216,0
DA:218,0
DA:219,0
DA:220,0
DA:223,0
DA:225,0
DA:227,0
DA:230,0
DA:231,0
DA:232,0
DA:233,0
DA:237,0
DA:242,0
DA:244,0
DA:245,0
DA:247,0
DA:249,0
DA:250,0
DA:251,0
DA:252,0
DA:254,0
DA:255,0
DA:256,0
DA:259,0
DA:262,0
DA:264,0
DA:265,0
DA:269,0
DA:272,0
DA:273,0
DA:277,0
DA:278,0
DA:295,0
DA:300,0
DA:301,0
DA:302,0
DA:308,0
DA:311,0
DA:312,0
DA:314,0
DA:315,0
DA:316,0
DA:318,0
DA:321,0
DA:323,0
DA:325,0
DA:326,0
DA:328,0
DA:332,0
DA:333,0
DA:335,0
DA:343,0
DA:347,0
DA:350,0
DA:351,0
DA:358,0
DA:359,0
DA:360,0
DA:361,0
DA:367,0
DA:368,0
DA:370,0
DA:371,0
DA:376,0
DA:377,0
DA:379,0
DA:382,0
DA:383,0
DA:384,0
DA:385,0
DA:389,0
DA:390,0
DA:395,0
DA:396,0
DA:399,0
DA:400,0
DA:402,0
DA:405,0
DA:410,0
DA:412,0
DA:415,0
DA:418,0
DA:421,0
DA:426,0
DA:429,0
DA:430,0
DA:432,0
DA:434,0
DA:436,0
DA:437,0
DA:439,0
DA:445,0
DA:446,0
DA:447,0
DA:448,0
DA:449,0
DA:451,0
DA:453,0
DA:456,0
DA:464,0
DA:466,0
DA:467,0
DA:468,0
DA:469,0
DA:474,0
DA:475,0
DA:481,0
DA:482,0
DA:483,0
DA:487,0
DA:488,0
DA:489,0
DA:490,0
DA:491,0
DA:494,0
DA:502,0
DA:505,0
DA:508,0
DA:509,0
DA:515,0
DA:516,0
DA:517,0
DA:518,0
DA:522,0
DA:525,0
DA:527,0
DA:528,0
DA:531,0
DA:535,0
DA:540,0
DA:541,0
DA:543,0
DA:545,0
DA:550,0
DA:555,0
DA:557,0
DA:559,0
DA:560,0
DA:561,0
DA:564,0
DA:565,0
DA:566,0
DA:567,0
DA:568,0
DA:569,0
DA:572,0
DA:575,0
DA:576,0
DA:578,0
DA:579,0
DA:580,0
DA:584,0
DA:585,0
DA:587,0
DA:588,0
DA:589,0
DA:590,0
DA:593,0
DA:594,0
DA:598,0
DA:599,0
DA:603,0
DA:604,0
DA:606,0
DA:607,0
DA:609,0
DA:610,0
DA:611,0
DA:612,0
DA:613,0
DA:614,0
DA:615,0
DA:616,0
DA:618,0
DA:619,0
DA:620,0
DA:623,0
DA:628,0
DA:632,0
DA:633,0
DA:637,0
DA:638,0
DA:639,0
DA:640,0
DA:641,0
DA:642,0
DA:652,0
DA:653,0
DA:654,0
DA:655,0
DA:656,0
DA:659,0
DA:660,0
DA:661,0
DA:662,0
DA:663,0
DA:665,0
DA:669,0
DA:675,0
DA:676,0
DA:677,0
DA:678,0
DA:679,0
DA:680,0
DA:681,0
DA:683,0
DA:688,0
DA:689,0
DA:690,0
DA:691,0
DA:692,0
DA:693,0
DA:694,0
DA:696,0
DA:702,0
DA:708,0
DA:709,0
DA:710,0
DA:713,0
DA:714,0
DA:716,0
DA:719,0
DA:722,0
DA:723,0
DA:728,0
DA:729,0
DA:731,0
DA:732,0
DA:733,0
DA:739,0
DA:740,0
DA:742,0
DA:743,0
DA:746,0
DA:748,0
DA:749,0
DA:752,0
DA:753,0
DA:756,0
DA:757,0
DA:759,0
DA:760,0
DA:761,0
DA:762,0
DA:763,0
DA:764,0
DA:767,0
DA:768,0
DA:769,0
DA:770,0
DA:771,0
DA:772,0
DA:776,0
DA:777,0
DA:778,0
DA:780,0
DA:786,0
DA:789,0
DA:790,0
DA:793,0
DA:794,0
DA:797,0
DA:801,0
DA:803,0
DA:804,0
DA:805,0
DA:808,0
DA:809,0
DA:813,0
DA:814,0
DA:815,0
DA:816,0
DA:821,0
DA:822,0
DA:825,0
DA:828,0
DA:829,0
DA:830,0
DA:832,0
DA:833,0
DA:835,0
DA:841,0
DA:843,0
DA:846,0
DA:849,0
DA:850,0
DA:851,0
DA:852,0
DA:857,0
DA:858,0
DA:861,0
DA:862,0
DA:865,0
DA:868,0
DA:869,0
DA:870,0
DA:873,0
DA:874,0
DA:879,0
DA:880,0
DA:892,0
DA:897,0
DA:898,0
DA:899,0
DA:900,0
DA:901,0
DA:902,0
DA:903,0
DA:904,0
DA:909,0
DA:910,0
DA:915,0
DA:916,0
DA:917,0
DA:919,0
DA:920,0
DA:922,0
DA:925,0
DA:926,0
DA:931,0
DA:932,0
DA:933,0
DA:934,0
DA:935,0
DA:942,0
DA:945,0
DA:946,0
DA:947,0
DA:948,0
DA:951,0
DA:954,0
DA:955,0
DA:956,0
DA:957,0
DA:958,0
DA:959,0
DA:961,0
DA:962,0
DA:966,0
DA:969,0
DA:970,0
DA:971,0
DA:972,0
DA:973,0
DA:974,0
DA:977,0
DA:980,0
DA:981,0
DA:982,0
DA:985,0
DA:986,0
DA:987,0
DA:990,0
DA:991,0
DA:994,0
DA:995,0
DA:1002,0
DA:1006,0
DA:1008,0
DA:1010,0
DA:1011,0
DA:1013,0
DA:1016,0
DA:1019,0
DA:1020,0
DA:1021,0
DA:1022,0
DA:1023,0
DA:1024,0
DA:1026,0
DA:1027,0
DA:1028,0
DA:1029,0
DA:1030,0
DA:1031,0
DA:1032,0
DA:1033,0
DA:1034,0
DA:1035,0
DA:1040,0
DA:1046,0
DA:1051,0
DA:1059,0
DA:1061,0
DA:1063,0
DA:1064,0
DA:1065,0
DA:1066,0
DA:1068,0
DA:1069,0
DA:1075,0
DA:1076,0
DA:1077,0
DA:1078,0
DA:1080,0
DA:1081,0
DA:1088,0
DA:1091,0
DA:1092,0
DA:1093,0
DA:1095,0
DA:1099,0
DA:1100,0
DA:1101,0
DA:1102,0
DA:1103,0
DA:1109,0
DA:1110,0
DA:1111,0
DA:1114,0
DA:1116,0
DA:1117,0
DA:1118,0
DA:1120,0
DA:1121,0
DA:1122,0
DA:1123,0
DA:1124,0
DA:1125,0
DA:1126,0
DA:1132,0
DA:1133,0
DA:1134,0
DA:1135,0
DA:1136,0
DA:1141,0
DA:1142,0
DA:1145,0
DA:1146,0
DA:1148,0
DA:1149,0
DA:1150,0
DA:1151,0
DA:1152,0
DA:1153,0
DA:1154,0
DA:1155,0
DA:1160,0
DA:1161,0
DA:1162,0
DA:1163,0
DA:1164,0
DA:1165,0
DA:1166,0
DA:1167,0
DA:1168,0
DA:1175,0
DA:1180,0
DA:1182,0
DA:1184,0
DA:1185,0
DA:1190,0
DA:1196,0
DA:1199,0
DA:1200,0
DA:1204,0
DA:1205,0
DA:1206,0
DA:1222,0
DA:1225,0
DA:1226,0
DA:1230,0
DA:1231,0
DA:1232,0
DA:1234,0
DA:1235,0
DA:1242,0
DA:1246,0
DA:1247,0
DA:1248,0
DA:1251,0
DA:1252,0
DA:1256,0
DA:1257,0
DA:1258,0
DA:1259,0
DA:1261,0
DA:1262,0
DA:1263,0
DA:1265,0
DA:1266,0
DA:1269,0
DA:1270,0
DA:1272,0
DA:1273,0
DA:1278,0
DA:1280,0
DA:1282,0
DA:1283,0
DA:1285,0
DA:1289,0
DA:1290,0
DA:1291,0
DA:1294,0
DA:1295,0
DA:1303,0
DA:1308,0
DA:1311,0
DA:1313,0
DA:1314,0
DA:1317,0
DA:1318,0
DA:1320,0
DA:1322,0
DA:1325,0
DA:1326,0
DA:1331,0
DA:1332,0
DA:1335,0
DA:1336,0
DA:1340,0
DA:1342,0
DA:1345,0
DA:1346,0
DA:1348,0
DA:1349,0
DA:1352,0
DA:1353,0
DA:1356,0
DA:1357,0
DA:1359,0
DA:1360,0
DA:1365,0
DA:1371,0
DA:1372,0
DA:1373,0
DA:1375,0
DA:1376,0
DA:1378,0
DA:1380,0
DA:1381,0
DA:1382,0
DA:1387,0
DA:1388,0
DA:1389,0
DA:1392,0
DA:1397,0
DA:1399,0
DA:1400,0
DA:1401,0
DA:1404,0
DA:1405,0
DA:1406,0
DA:1407,0
DA:1408,0
DA:1409,0
DA:1412,0
DA:1415,0
DA:1416,0
DA:1417,0
DA:1418,0
DA:1419,0
DA:1420,0
DA:1423,0
DA:1426,0
DA:1427,0
DA:1428,0
DA:1429,0
DA:1430,0
DA:1431,0
DA:1433,0
DA:1434,0
DA:1438,0
DA:1441,0
DA:1442,0
DA:1443,0
DA:1444,0
DA:1445,0
DA:1446,0
DA:1448,0
DA:1449,0
DA:1453,0
DA:1456,0
DA:1457,0
DA:1458,0
DA:1475,0
DA:1476,0
DA:1478,0
DA:1479,0
DA:1481,0
DA:1482,0
LF:657
LH:0
end_of_record
SF:lib/services/selection_init_coordinator.dart
DA:11,1
DA:19,4
DA:21,1
DA:29,1
DA:32,1
DA:35,1
DA:38,1
DA:40,1
DA:47,1
DA:52,1
DA:53,1
DA:54,1
LF:12
LH:12
end_of_record
SF:lib/view_models/games_viewmodel.dart
DA:26,0
DA:30,0
DA:39,0
DA:40,0
DA:41,0
DA:45,0
DA:47,0
DA:49,0
DA:51,0
DA:55,0
DA:56,0
DA:57,0
DA:58,0
DA:59,0
DA:60,0
DA:64,0
DA:65,0
DA:66,0
DA:69,0
DA:71,0
DA:72,0
DA:73,0
DA:77,0
DA:78,0
DA:79,0
DA:80,0
DA:83,0
DA:84,0
DA:86,0
DA:87,0
DA:91,0
DA:96,0
DA:97,0
DA:98,0
DA:101,0
DA:103,0
DA:107,0
DA:110,0
DA:112,0
DA:113,0
DA:114,0
DA:115,0
DA:118,0
DA:121,0
DA:122,0
DA:126,0
DA:128,0
DA:129,0
DA:132,0
DA:133,0
DA:134,0
DA:140,0
DA:146,0
DA:149,0
DA:150,0
DA:151,0
DA:153,0
DA:156,0
DA:160,0
DA:162,0
DA:163,0
DA:164,0
DA:165,0
DA:167,0
DA:169,0
DA:170,0
DA:174,0
DA:175,0
DA:176,0
DA:180,0
DA:181,0
DA:182,0
DA:183,0
DA:186,0
DA:191,0
DA:193,0
DA:198,0
DA:199,0
DA:200,0
DA:203,0
DA:204,0
DA:207,0
DA:209,0
DA:210,0
DA:212,0
DA:217,0
DA:218,0
DA:219,0
DA:221,0
DA:224,0
DA:226,0
DA:227,0
DA:231,0
DA:232,0
DA:233,0
DA:236,0
DA:237,0
DA:238,0
DA:241,0
DA:242,0
DA:244,0
DA:245,0
DA:246,0
DA:249,0
DA:254,0
DA:256,0
DA:259,0
DA:260,0
DA:261,0
DA:262,0
DA:264,0
DA:265,0
DA:266,0
DA:267,0
DA:272,0
DA:273,0
DA:282,0
DA:283,0
DA:286,0
DA:287,0
DA:289,0
DA:290,0
DA:292,0
DA:294,0
DA:295,0
DA:300,0
DA:305,0
DA:306,0
DA:309,0
DA:310,0
DA:312,0
DA:313,0
DA:315,0
DA:316,0
DA:320,0
DA:324,0
DA:326,0
DA:329,0
DA:331,0
DA:332,0
DA:333,0
DA:335,0
DA:336,0
DA:337,0
DA:339,0
DA:342,0
DA:348,0
DA:349,0
DA:350,0
DA:351,0
DA:354,0
DA:355,0
DA:356,0
DA:360,0
DA:361,0
DA:363,0
DA:364,0
DA:365,0
DA:366,0
DA:371,0
DA:372,0
DA:381,0
DA:386,0
DA:390,0
DA:391,0
DA:393,0
DA:394,0
DA:396,0
DA:397,0
DA:399,0
DA:400,0
DA:404,0
DA:406,0
DA:407,0
DA:408,0
DA:410,0
DA:411,0
DA:412,0
DA:414,0
DA:417,0
DA:423,0
DA:424,0
DA:425,0
DA:426,0
DA:429,0
DA:430,0
DA:431,0
DA:435,0
DA:436,0
DA:438,0
DA:439,0
DA:440,0
DA:441,0
DA:446,0
DA:447,0
DA:449,0
DA:457,0
DA:462,0
DA:468,0
DA:469,0
DA:471,0
DA:472,0
DA:473,0
DA:475,0
DA:476,0
DA:477,0
DA:478,0
DA:480,0
DA:485,0
DA:486,0
DA:487,0
DA:490,0
DA:491,0
DA:495,0
DA:496,0
DA:497,0
DA:498,0
DA:500,0
DA:501,0
DA:504,0
DA:506,0
DA:507,0
DA:509,0
DA:510,0
DA:511,0
DA:512,0
DA:515,0
DA:516,0
DA:517,0
DA:518,0
DA:519,0
DA:521,0
DA:522,0
DA:524,0
DA:525,0
DA:529,0
DA:530,0
DA:535,0
DA:536,0
DA:537,0
DA:540,0
DA:542,0
DA:546,0
DA:549,0
DA:550,0
DA:552,0
DA:553,0
DA:556,0
DA:557,0
DA:561,0
DA:562,0
DA:565,0
DA:569,0
DA:574,0
DA:575,0
DA:578,0
DA:579,0
DA:581,0
DA:584,0
DA:586,0
DA:587,0
DA:590,0
DA:591,0
DA:592,0
DA:597,0
DA:598,0
DA:600,0
DA:601,0
DA:603,0
DA:609,0
DA:610,0
DA:611,0
DA:615,0
DA:616,0
DA:617,0
DA:622,0
DA:627,0
DA:629,0
DA:630,0
DA:636,0
DA:641,0
DA:643,0
DA:644,0
DA:648,0
DA:650,0
DA:651,0
DA:654,0
DA:656,0
DA:657,0
LF:289
LH:0
end_of_record
SF:lib/view_models/tips_viewmodel.dart
DA:27,0
DA:33,0
DA:38,0
DA:43,0
DA:44,0
DA:45,0
DA:49,0
DA:55,0
DA:56,0
DA:57,0
DA:60,0
DA:61,0
DA:64,0
DA:65,0
DA:66,0
DA:67,0
DA:68,0
DA:69,0
DA:70,0
DA:73,0
DA:74,0
DA:75,0
DA:76,0
DA:77,0
DA:82,0
DA:84,0
DA:85,0
DA:86,0
DA:87,0
DA:89,0
DA:90,0
DA:92,0
DA:94,0
DA:95,0
DA:96,0
DA:97,0
DA:99,0
DA:100,0
DA:103,0
DA:104,0
DA:105,0
DA:108,0
DA:109,0
DA:111,0
DA:112,0
DA:113,0
DA:117,0
DA:118,0
DA:120,0
DA:122,0
DA:123,0
DA:124,0
DA:125,0
DA:129,0
DA:132,0
DA:133,0
DA:135,0
DA:139,0
DA:140,0
DA:141,0
DA:144,0
DA:146,0
DA:147,0
DA:150,0
DA:152,0
DA:153,0
DA:155,0
DA:156,0
DA:158,0
DA:159,0
DA:160,0
DA:164,0
DA:165,0
DA:170,0
DA:172,0
DA:175,0
DA:176,0
DA:177,0
DA:180,0
DA:183,0
DA:184,0
DA:186,0
DA:187,0
DA:188,0
DA:193,0
DA:194,0
DA:196,0
DA:200,0
DA:212,0
DA:213,0
DA:216,0
DA:217,0
DA:219,0
DA:220,0
DA:221,0
DA:222,0
DA:231,0
DA:233,0
DA:234,0
DA:241,0
DA:242,0
DA:243,0
DA:244,0
DA:246,0
DA:250,0
DA:251,0
DA:252,0
DA:255,0
DA:256,0
DA:258,0
DA:259,0
DA:260,0
DA:264,0
DA:266,0
DA:267,0
DA:268,0
DA:272,0
DA:276,0
DA:277,0
DA:278,0
DA:279,0
DA:280,0
DA:281,0
DA:283,0
DA:286,0
DA:288,0
DA:289,0
DA:295,0
DA:296,0
DA:300,0
DA:301,0
DA:302,0
DA:304,0
DA:308,0
DA:317,0
DA:319,0
DA:323,0
DA:324,0
DA:325,0
DA:326,0
DA:329,0
DA:330,0
DA:331,0
DA:334,0
DA:338,0
DA:339,0
DA:340,0
DA:342,0
DA:343,0
DA:344,0
DA:347,0
DA:348,0
DA:349,0
DA:352,0
DA:353,0
DA:354,0
DA:357,0
DA:358,0
DA:359,0
DA:361,0
DA:366,0
DA:367,0
DA:368,0
DA:371,0
DA:376,0
DA:377,0
DA:378,0
DA:379,0
DA:382,0
DA:383,0
DA:384,0
DA:385,0
DA:387,0
DA:390,0
DA:392,0
DA:393,0
DA:394,0
DA:397,0
DA:399,0
DA:400,0
DA:401,0
DA:403,0
DA:405,0
LF:183
LH:0
end_of_record
SF:lib/services/timer_scheduler.dart
DA:8,4
DA:10,0
DA:12,0
LF:3
LH:1
end_of_record
SF:lib/services/url_health_checker.dart
DA:5,13
DA:7,1
DA:9,2
DA:10,2
LF:4
LH:4
end_of_record
SF:lib/view_models/teams_viewmodel.dart
DA:18,0
DA:19,0
DA:20,0
DA:21,0
DA:23,0
DA:24,0
DA:27,0
DA:28,0
DA:29,0
DA:30,0
DA:32,0
DA:35,0
DA:36,0
DA:39,0
DA:43,0
DA:44,0
DA:46,0
DA:47,0
DA:48,0
DA:50,0
DA:51,0
DA:53,0
DA:54,0
DA:57,0
DA:58,0
DA:59,0
DA:60,0
DA:62,0
DA:63,0
DA:67,0
DA:69,0
DA:70,0
DA:74,0
DA:75,0
DA:80,0
DA:81,0
DA:82,0
DA:84,0
DA:85,0
DA:87,0
DA:89,0
DA:90,0
DA:91,0
DA:92,0
DA:96,0
DA:99,0
DA:100,0
DA:101,0
DA:102,0
DA:104,0
DA:105,0
DA:106,0
DA:110,0
DA:111,0
DA:114,0
DA:115,0
DA:118,0
DA:119,0
DA:121,0
DA:122,0
DA:124,0
DA:127,0
DA:129,0
DA:130,0
DA:134,0
DA:135,0
DA:139,0
DA:141,0
DA:142,0
LF:69
LH:0
end_of_record
